Determining if the pthread_create exist failed with the following output:
Change Dir: /home/tkhamvilai/eclipse/Ex_CPLEX/bin/CMakeFiles/CMakeTmp

Run Build Command:"/usr/bin/make" "cmTC_b62cf/fast"
/usr/bin/make -f CMakeFiles/cmTC_b62cf.dir/build.make CMakeFiles/cmTC_b62cf.dir/build
make[1]: Entering directory '/home/tkhamvilai/eclipse/Ex_CPLEX/bin/CMakeFiles/CMakeTmp'
Building C object CMakeFiles/cmTC_b62cf.dir/CheckSymbolExists.c.o
/usr/bin/cc    -o CMakeFiles/cmTC_b62cf.dir/CheckSymbolExists.c.o   -c /home/tkhamvilai/eclipse/Ex_CPLEX/bin/CMakeFiles/CMakeTmp/CheckSymbolExists.c
Linking C executable cmTC_b62cf
/usr/bin/cmake -E cmake_link_script CMakeFiles/cmTC_b62cf.dir/link.txt --verbose=1
/usr/bin/cc      CMakeFiles/cmTC_b62cf.dir/CheckSymbolExists.c.o  -o cmTC_b62cf 
CMakeFiles/cmTC_b62cf.dir/CheckSymbolExists.c.o: In function `main':
CheckSymbolExists.c:(.text+0x1b): undefined reference to `pthread_create'
collect2: error: ld returned 1 exit status
CMakeFiles/cmTC_b62cf.dir/build.make:97: recipe for target 'cmTC_b62cf' failed
make[1]: *** [cmTC_b62cf] Error 1
make[1]: Leaving directory '/home/tkhamvilai/eclipse/Ex_CPLEX/bin/CMakeFiles/CMakeTmp'
Makefile:126: recipe for target 'cmTC_b62cf/fast' failed
make: *** [cmTC_b62cf/fast] Error 2

File /home/tkhamvilai/eclipse/Ex_CPLEX/bin/CMakeFiles/CMakeTmp/CheckSymbolExists.c:
/* */
#include <pthread.h>

int main(int argc, char** argv)
{
  (void)argv;
#ifndef pthread_create
  return ((int*)(&pthread_create))[argc];
#else
  (void)argc;
  return 0;
#endif
}

Determining if the function pthread_create exists in the pthreads failed with the following output:
Change Dir: /home/tkhamvilai/eclipse/Ex_CPLEX/bin/CMakeFiles/CMakeTmp

Run Build Command:"/usr/bin/make" "cmTC_f0a45/fast"
/usr/bin/make -f CMakeFiles/cmTC_f0a45.dir/build.make CMakeFiles/cmTC_f0a45.dir/build
make[1]: Entering directory '/home/tkhamvilai/eclipse/Ex_CPLEX/bin/CMakeFiles/CMakeTmp'
Building C object CMakeFiles/cmTC_f0a45.dir/CheckFunctionExists.c.o
/usr/bin/cc   -DCHECK_FUNCTION_EXISTS=pthread_create   -o CMakeFiles/cmTC_f0a45.dir/CheckFunctionExists.c.o   -c /usr/share/cmake-3.10/Modules/CheckFunctionExists.c
Linking C executable cmTC_f0a45
/usr/bin/cmake -E cmake_link_script CMakeFiles/cmTC_f0a45.dir/link.txt --verbose=1
/usr/bin/cc  -DCHECK_FUNCTION_EXISTS=pthread_create    CMakeFiles/cmTC_f0a45.dir/CheckFunctionExists.c.o  -o cmTC_f0a45 -lpthreads 
/usr/bin/ld: cannot find -lpthreads
collect2: error: ld returned 1 exit status
CMakeFiles/cmTC_f0a45.dir/build.make:97: recipe for target 'cmTC_f0a45' failed
make[1]: *** [cmTC_f0a45] Error 1
make[1]: Leaving directory '/home/tkhamvilai/eclipse/Ex_CPLEX/bin/CMakeFiles/CMakeTmp'
Makefile:126: recipe for target 'cmTC_f0a45/fast' failed
make: *** [cmTC_f0a45/fast] Error 2


Determining if the pthread_create exist failed with the following output:
Change Dir: /home/jbm/Dropbox/DASC 2018 Paper/DASC_2019/Dist_MILP/bin/CMakeFiles/CMakeTmp

Run Build Command:"/usr/bin/make" "cmTC_00d87/fast"
/usr/bin/make -f CMakeFiles/cmTC_00d87.dir/build.make CMakeFiles/cmTC_00d87.dir/build
make[1]: Entering directory '/home/jbm/Dropbox/DASC 2018 Paper/DASC_2019/Dist_MILP/bin/CMakeFiles/CMakeTmp'
Building C object CMakeFiles/cmTC_00d87.dir/CheckSymbolExists.c.o
/usr/bin/cc    -o CMakeFiles/cmTC_00d87.dir/CheckSymbolExists.c.o   -c "/home/jbm/Dropbox/DASC 2018 Paper/DASC_2019/Dist_MILP/bin/CMakeFiles/CMakeTmp/CheckSymbolExists.c"
Linking C executable cmTC_00d87
/opt/clion-2018.2.6/bin/cmake/linux/bin/cmake -E cmake_link_script CMakeFiles/cmTC_00d87.dir/link.txt --verbose=1
/usr/bin/cc      CMakeFiles/cmTC_00d87.dir/CheckSymbolExists.c.o  -o cmTC_00d87 
CMakeFiles/cmTC_00d87.dir/CheckSymbolExists.c.o: In function `main':
CheckSymbolExists.c:(.text+0x1b): undefined reference to `pthread_create'
collect2: error: ld returned 1 exit status
CMakeFiles/cmTC_00d87.dir/build.make:86: recipe for target 'cmTC_00d87' failed
make[1]: *** [cmTC_00d87] Error 1
make[1]: Leaving directory '/home/jbm/Dropbox/DASC 2018 Paper/DASC_2019/Dist_MILP/bin/CMakeFiles/CMakeTmp'
Makefile:121: recipe for target 'cmTC_00d87/fast' failed
make: *** [cmTC_00d87/fast] Error 2

File /home/jbm/Dropbox/DASC 2018 Paper/DASC_2019/Dist_MILP/bin/CMakeFiles/CMakeTmp/CheckSymbolExists.c:
/* */
#include <pthread.h>

int main(int argc, char** argv)
{
  (void)argv;
#ifndef pthread_create
  return ((int*)(&pthread_create))[argc];
#else
  (void)argc;
  return 0;
#endif
}

Determining if the pthread_create exist failed with the following output:
Change Dir: /home/tkhamvilai/Dropbox (GaTech)/DASC_(Immobotarium)/DASC_2019/Dist_MILP/bin/CMakeFiles/CMakeTmp

Run Build Command:"/usr/bin/make" "cmTC_5d4fd/fast"
/usr/bin/make -f CMakeFiles/cmTC_5d4fd.dir/build.make CMakeFiles/cmTC_5d4fd.dir/build
make[1]: Entering directory '/home/tkhamvilai/Dropbox (GaTech)/DASC_(Immobotarium)/DASC_2019/Dist_MILP/bin/CMakeFiles/CMakeTmp'
Building C object CMakeFiles/cmTC_5d4fd.dir/CheckSymbolExists.c.o
/usr/bin/cc    -o CMakeFiles/cmTC_5d4fd.dir/CheckSymbolExists.c.o   -c "/home/tkhamvilai/Dropbox (GaTech)/DASC_(Immobotarium)/DASC_2019/Dist_MILP/bin/CMakeFiles/CMakeTmp/CheckSymbolExists.c"
Linking C executable cmTC_5d4fd
/usr/bin/cmake -E cmake_link_script CMakeFiles/cmTC_5d4fd.dir/link.txt --verbose=1
/usr/bin/cc      CMakeFiles/cmTC_5d4fd.dir/CheckSymbolExists.c.o  -o cmTC_5d4fd 
CMakeFiles/cmTC_5d4fd.dir/CheckSymbolExists.c.o: In function `main':
CheckSymbolExists.c:(.text+0x1b): undefined reference to `pthread_create'
collect2: error: ld returned 1 exit status
CMakeFiles/cmTC_5d4fd.dir/build.make:97: recipe for target 'cmTC_5d4fd' failed
make[1]: *** [cmTC_5d4fd] Error 1
make[1]: Leaving directory '/home/tkhamvilai/Dropbox (GaTech)/DASC_(Immobotarium)/DASC_2019/Dist_MILP/bin/CMakeFiles/CMakeTmp'
Makefile:126: recipe for target 'cmTC_5d4fd/fast' failed
make: *** [cmTC_5d4fd/fast] Error 2

File /home/tkhamvilai/Dropbox (GaTech)/DASC_(Immobotarium)/DASC_2019/Dist_MILP/bin/CMakeFiles/CMakeTmp/CheckSymbolExists.c:
/* */
#include <pthread.h>

int main(int argc, char** argv)
{
  (void)argv;
#ifndef pthread_create
  return ((int*)(&pthread_create))[argc];
#else
  (void)argc;
  return 0;
#endif
}

Determining if the pthread_create exist failed with the following output:
Change Dir: /home/tkhamvilai/Dropbox (GaTech)/DASC_(Immobotarium)/DASC_2019/Dist_MILP/bin/CMakeFiles/CMakeTmp

Run Build Command:"/usr/bin/make" "cmTC_ef119/fast"
/usr/bin/make -f CMakeFiles/cmTC_ef119.dir/build.make CMakeFiles/cmTC_ef119.dir/build
make[1]: Entering directory '/home/tkhamvilai/Dropbox (GaTech)/DASC_(Immobotarium)/DASC_2019/Dist_MILP/bin/CMakeFiles/CMakeTmp'
Building C object CMakeFiles/cmTC_ef119.dir/CheckSymbolExists.c.o
/usr/bin/cc    -o CMakeFiles/cmTC_ef119.dir/CheckSymbolExists.c.o   -c "/home/tkhamvilai/Dropbox (GaTech)/DASC_(Immobotarium)/DASC_2019/Dist_MILP/bin/CMakeFiles/CMakeTmp/CheckSymbolExists.c"
Linking C executable cmTC_ef119
/home/tkhamvilai/Downloads/clion-2019.1/bin/cmake/linux/bin/cmake -E cmake_link_script CMakeFiles/cmTC_ef119.dir/link.txt --verbose=1
/usr/bin/cc      CMakeFiles/cmTC_ef119.dir/CheckSymbolExists.c.o  -o cmTC_ef119 
CMakeFiles/cmTC_ef119.dir/CheckSymbolExists.c.o: In function `main':
CheckSymbolExists.c:(.text+0x1b): undefined reference to `pthread_create'
collect2: error: ld returned 1 exit status
CMakeFiles/cmTC_ef119.dir/build.make:86: recipe for target 'cmTC_ef119' failed
make[1]: *** [cmTC_ef119] Error 1
make[1]: Leaving directory '/home/tkhamvilai/Dropbox (GaTech)/DASC_(Immobotarium)/DASC_2019/Dist_MILP/bin/CMakeFiles/CMakeTmp'
Makefile:121: recipe for target 'cmTC_ef119/fast' failed
make: *** [cmTC_ef119/fast] Error 2

File /home/tkhamvilai/Dropbox (GaTech)/DASC_(Immobotarium)/DASC_2019/Dist_MILP/bin/CMakeFiles/CMakeTmp/CheckSymbolExists.c:
/* */
#include <pthread.h>

int main(int argc, char** argv)
{
  (void)argv;
#ifndef pthread_create
  return ((int*)(&pthread_create))[argc];
#else
  (void)argc;
  return 0;
#endif
}

Determining if the pthread_create exist failed with the following output:
Change Dir: /home/tkhamvilai/Dropbox/DASC 2018 Paper/DASC_2019/Dist_MILP/bin/CMakeFiles/CMakeTmp

Run Build Command:"/usr/bin/make" "cmTC_e3f9d/fast"
/usr/bin/make -f CMakeFiles/cmTC_e3f9d.dir/build.make CMakeFiles/cmTC_e3f9d.dir/build
make[1]: Entering directory '/home/tkhamvilai/Dropbox/DASC 2018 Paper/DASC_2019/Dist_MILP/bin/CMakeFiles/CMakeTmp'
Building C object CMakeFiles/cmTC_e3f9d.dir/CheckSymbolExists.c.o
/usr/bin/cc    -o CMakeFiles/cmTC_e3f9d.dir/CheckSymbolExists.c.o   -c "/home/tkhamvilai/Dropbox/DASC 2018 Paper/DASC_2019/Dist_MILP/bin/CMakeFiles/CMakeTmp/CheckSymbolExists.c"
Linking C executable cmTC_e3f9d
/home/tkhamvilai/Downloads/CLion-2019.1/clion-2019.1/bin/cmake/linux/bin/cmake -E cmake_link_script CMakeFiles/cmTC_e3f9d.dir/link.txt --verbose=1
/usr/bin/cc      CMakeFiles/cmTC_e3f9d.dir/CheckSymbolExists.c.o  -o cmTC_e3f9d 
CMakeFiles/cmTC_e3f9d.dir/CheckSymbolExists.c.o: In function `main':
CheckSymbolExists.c:(.text+0x1b): undefined reference to `pthread_create'
collect2: error: ld returned 1 exit status
CMakeFiles/cmTC_e3f9d.dir/build.make:86: recipe for target 'cmTC_e3f9d' failed
make[1]: *** [cmTC_e3f9d] Error 1
make[1]: Leaving directory '/home/tkhamvilai/Dropbox/DASC 2018 Paper/DASC_2019/Dist_MILP/bin/CMakeFiles/CMakeTmp'
Makefile:121: recipe for target 'cmTC_e3f9d/fast' failed
make: *** [cmTC_e3f9d/fast] Error 2

File /home/tkhamvilai/Dropbox/DASC 2018 Paper/DASC_2019/Dist_MILP/bin/CMakeFiles/CMakeTmp/CheckSymbolExists.c:
/* */
#include <pthread.h>

int main(int argc, char** argv)
{
  (void)argv;
#ifndef pthread_create
  return ((int*)(&pthread_create))[argc];
#else
  (void)argc;
  return 0;
#endif
}

Determining if the pthread_create exist failed with the following output:
Change Dir: /home/tkhamvilai/Dropbox (GaTech)/DASC_(Immobotarium)/DASC_2019/Dist_MILP/bin/CMakeFiles/CMakeTmp

Run Build Command:"/usr/bin/make" "cmTC_6dd7e/fast"
/usr/bin/make -f CMakeFiles/cmTC_6dd7e.dir/build.make CMakeFiles/cmTC_6dd7e.dir/build
make[1]: Entering directory '/home/tkhamvilai/Dropbox (GaTech)/DASC_(Immobotarium)/DASC_2019/Dist_MILP/bin/CMakeFiles/CMakeTmp'
Building C object CMakeFiles/cmTC_6dd7e.dir/CheckSymbolExists.c.o
/usr/bin/cc    -o CMakeFiles/cmTC_6dd7e.dir/CheckSymbolExists.c.o   -c "/home/tkhamvilai/Dropbox (GaTech)/DASC_(Immobotarium)/DASC_2019/Dist_MILP/bin/CMakeFiles/CMakeTmp/CheckSymbolExists.c"
Linking C executable cmTC_6dd7e
/usr/bin/cmake -E cmake_link_script CMakeFiles/cmTC_6dd7e.dir/link.txt --verbose=1
/usr/bin/cc      CMakeFiles/cmTC_6dd7e.dir/CheckSymbolExists.c.o  -o cmTC_6dd7e 
CMakeFiles/cmTC_6dd7e.dir/CheckSymbolExists.c.o: In function `main':
CheckSymbolExists.c:(.text+0x1b): undefined reference to `pthread_create'
collect2: error: ld returned 1 exit status
CMakeFiles/cmTC_6dd7e.dir/build.make:97: recipe for target 'cmTC_6dd7e' failed
make[1]: *** [cmTC_6dd7e] Error 1
make[1]: Leaving directory '/home/tkhamvilai/Dropbox (GaTech)/DASC_(Immobotarium)/DASC_2019/Dist_MILP/bin/CMakeFiles/CMakeTmp'
Makefile:126: recipe for target 'cmTC_6dd7e/fast' failed
make: *** [cmTC_6dd7e/fast] Error 2

File /home/tkhamvilai/Dropbox (GaTech)/DASC_(Immobotarium)/DASC_2019/Dist_MILP/bin/CMakeFiles/CMakeTmp/CheckSymbolExists.c:
/* */
#include <pthread.h>

int main(int argc, char** argv)
{
  (void)argv;
#ifndef pthread_create
  return ((int*)(&pthread_create))[argc];
#else
  (void)argc;
  return 0;
#endif
}

Determining if the pthread_create exist failed with the following output:
Change Dir: /home/tkhamvilai/Dropbox (GaTech)/DASC_(Immobotarium)/DASC_2019/Dist_MILP/bin/CMakeFiles/CMakeTmp

Run Build Command:"/usr/bin/make" "cmTC_264b5/fast"
/usr/bin/make -f CMakeFiles/cmTC_264b5.dir/build.make CMakeFiles/cmTC_264b5.dir/build
make[1]: Entering directory '/home/tkhamvilai/Dropbox (GaTech)/DASC_(Immobotarium)/DASC_2019/Dist_MILP/bin/CMakeFiles/CMakeTmp'
Building C object CMakeFiles/cmTC_264b5.dir/CheckSymbolExists.c.o
/usr/bin/cc    -o CMakeFiles/cmTC_264b5.dir/CheckSymbolExists.c.o   -c "/home/tkhamvilai/Dropbox (GaTech)/DASC_(Immobotarium)/DASC_2019/Dist_MILP/bin/CMakeFiles/CMakeTmp/CheckSymbolExists.c"
Linking C executable cmTC_264b5
/home/tkhamvilai/Downloads/clion-2019.1/bin/cmake/linux/bin/cmake -E cmake_link_script CMakeFiles/cmTC_264b5.dir/link.txt --verbose=1
/usr/bin/cc      CMakeFiles/cmTC_264b5.dir/CheckSymbolExists.c.o  -o cmTC_264b5 
CMakeFiles/cmTC_264b5.dir/CheckSymbolExists.c.o: In function `main':
CheckSymbolExists.c:(.text+0x1b): undefined reference to `pthread_create'
collect2: error: ld returned 1 exit status
CMakeFiles/cmTC_264b5.dir/build.make:86: recipe for target 'cmTC_264b5' failed
make[1]: *** [cmTC_264b5] Error 1
make[1]: Leaving directory '/home/tkhamvilai/Dropbox (GaTech)/DASC_(Immobotarium)/DASC_2019/Dist_MILP/bin/CMakeFiles/CMakeTmp'
Makefile:121: recipe for target 'cmTC_264b5/fast' failed
make: *** [cmTC_264b5/fast] Error 2

File /home/tkhamvilai/Dropbox (GaTech)/DASC_(Immobotarium)/DASC_2019/Dist_MILP/bin/CMakeFiles/CMakeTmp/CheckSymbolExists.c:
/* */
#include <pthread.h>

int main(int argc, char** argv)
{
  (void)argv;
#ifndef pthread_create
  return ((int*)(&pthread_create))[argc];
#else
  (void)argc;
  return 0;
#endif
}

Determining if the pthread_create exist failed with the following output:
Change Dir: /home/tkhamvilai/Dropbox (GaTech)/DASC_(Immobotarium)/DASC_2019/Dist_MILP/bin/CMakeFiles/CMakeTmp

Run Build Command:"/usr/bin/make" "cmTC_d351e/fast"
/usr/bin/make -f CMakeFiles/cmTC_d351e.dir/build.make CMakeFiles/cmTC_d351e.dir/build
make[1]: Entering directory '/home/tkhamvilai/Dropbox (GaTech)/DASC_(Immobotarium)/DASC_2019/Dist_MILP/bin/CMakeFiles/CMakeTmp'
Building C object CMakeFiles/cmTC_d351e.dir/CheckSymbolExists.c.o
/usr/bin/cc    -o CMakeFiles/cmTC_d351e.dir/CheckSymbolExists.c.o   -c "/home/tkhamvilai/Dropbox (GaTech)/DASC_(Immobotarium)/DASC_2019/Dist_MILP/bin/CMakeFiles/CMakeTmp/CheckSymbolExists.c"
Linking C executable cmTC_d351e
/usr/bin/cmake -E cmake_link_script CMakeFiles/cmTC_d351e.dir/link.txt --verbose=1
/usr/bin/cc      CMakeFiles/cmTC_d351e.dir/CheckSymbolExists.c.o  -o cmTC_d351e 
CMakeFiles/cmTC_d351e.dir/CheckSymbolExists.c.o: In function `main':
CheckSymbolExists.c:(.text+0x1b): undefined reference to `pthread_create'
collect2: error: ld returned 1 exit status
CMakeFiles/cmTC_d351e.dir/build.make:97: recipe for target 'cmTC_d351e' failed
make[1]: *** [cmTC_d351e] Error 1
make[1]: Leaving directory '/home/tkhamvilai/Dropbox (GaTech)/DASC_(Immobotarium)/DASC_2019/Dist_MILP/bin/CMakeFiles/CMakeTmp'
Makefile:126: recipe for target 'cmTC_d351e/fast' failed
make: *** [cmTC_d351e/fast] Error 2

File /home/tkhamvilai/Dropbox (GaTech)/DASC_(Immobotarium)/DASC_2019/Dist_MILP/bin/CMakeFiles/CMakeTmp/CheckSymbolExists.c:
/* */
#include <pthread.h>

int main(int argc, char** argv)
{
  (void)argv;
#ifndef pthread_create
  return ((int*)(&pthread_create))[argc];
#else
  (void)argc;
  return 0;
#endif
}

Determining if the pthread_create exist failed with the following output:
Change Dir: /home/tkhamvilai/Dropbox (GaTech)/DASC_(Immobotarium)/DASC_2019/Dist_MILP/bin/CMakeFiles/CMakeTmp

Run Build Command:"/usr/bin/make" "cmTC_54b8b/fast"
/usr/bin/make -f CMakeFiles/cmTC_54b8b.dir/build.make CMakeFiles/cmTC_54b8b.dir/build
make[1]: Entering directory '/home/tkhamvilai/Dropbox (GaTech)/DASC_(Immobotarium)/DASC_2019/Dist_MILP/bin/CMakeFiles/CMakeTmp'
Building C object CMakeFiles/cmTC_54b8b.dir/CheckSymbolExists.c.o
/usr/bin/cc    -o CMakeFiles/cmTC_54b8b.dir/CheckSymbolExists.c.o   -c "/home/tkhamvilai/Dropbox (GaTech)/DASC_(Immobotarium)/DASC_2019/Dist_MILP/bin/CMakeFiles/CMakeTmp/CheckSymbolExists.c"
Linking C executable cmTC_54b8b
/home/tkhamvilai/Downloads/clion-2019.1/bin/cmake/linux/bin/cmake -E cmake_link_script CMakeFiles/cmTC_54b8b.dir/link.txt --verbose=1
/usr/bin/cc      CMakeFiles/cmTC_54b8b.dir/CheckSymbolExists.c.o  -o cmTC_54b8b 
CMakeFiles/cmTC_54b8b.dir/CheckSymbolExists.c.o: In function `main':
CheckSymbolExists.c:(.text+0x1b): undefined reference to `pthread_create'
collect2: error: ld returned 1 exit status
CMakeFiles/cmTC_54b8b.dir/build.make:86: recipe for target 'cmTC_54b8b' failed
make[1]: *** [cmTC_54b8b] Error 1
make[1]: Leaving directory '/home/tkhamvilai/Dropbox (GaTech)/DASC_(Immobotarium)/DASC_2019/Dist_MILP/bin/CMakeFiles/CMakeTmp'
Makefile:121: recipe for target 'cmTC_54b8b/fast' failed
make: *** [cmTC_54b8b/fast] Error 2

File /home/tkhamvilai/Dropbox (GaTech)/DASC_(Immobotarium)/DASC_2019/Dist_MILP/bin/CMakeFiles/CMakeTmp/CheckSymbolExists.c:
/* */
#include <pthread.h>

int main(int argc, char** argv)
{
  (void)argv;
#ifndef pthread_create
  return ((int*)(&pthread_create))[argc];
#else
  (void)argc;
  return 0;
#endif
}

Determining if the pthread_create exist failed with the following output:
Change Dir: /home/tkhamvilai/Dropbox (GaTech)/DASC_(Immobotarium)/DASC_2019/Dist_MILP/bin/CMakeFiles/CMakeTmp

Run Build Command:"/usr/bin/make" "cmTC_14c26/fast"
/usr/bin/make -f CMakeFiles/cmTC_14c26.dir/build.make CMakeFiles/cmTC_14c26.dir/build
make[1]: Entering directory '/home/tkhamvilai/Dropbox (GaTech)/DASC_(Immobotarium)/DASC_2019/Dist_MILP/bin/CMakeFiles/CMakeTmp'
Building C object CMakeFiles/cmTC_14c26.dir/CheckSymbolExists.c.o
/usr/bin/cc    -o CMakeFiles/cmTC_14c26.dir/CheckSymbolExists.c.o   -c "/home/tkhamvilai/Dropbox (GaTech)/DASC_(Immobotarium)/DASC_2019/Dist_MILP/bin/CMakeFiles/CMakeTmp/CheckSymbolExists.c"
Linking C executable cmTC_14c26
/usr/bin/cmake -E cmake_link_script CMakeFiles/cmTC_14c26.dir/link.txt --verbose=1
/usr/bin/cc      CMakeFiles/cmTC_14c26.dir/CheckSymbolExists.c.o  -o cmTC_14c26 
CMakeFiles/cmTC_14c26.dir/CheckSymbolExists.c.o: In function `main':
CheckSymbolExists.c:(.text+0x1b): undefined reference to `pthread_create'
collect2: error: ld returned 1 exit status
CMakeFiles/cmTC_14c26.dir/build.make:97: recipe for target 'cmTC_14c26' failed
make[1]: *** [cmTC_14c26] Error 1
make[1]: Leaving directory '/home/tkhamvilai/Dropbox (GaTech)/DASC_(Immobotarium)/DASC_2019/Dist_MILP/bin/CMakeFiles/CMakeTmp'
Makefile:126: recipe for target 'cmTC_14c26/fast' failed
make: *** [cmTC_14c26/fast] Error 2

File /home/tkhamvilai/Dropbox (GaTech)/DASC_(Immobotarium)/DASC_2019/Dist_MILP/bin/CMakeFiles/CMakeTmp/CheckSymbolExists.c:
/* */
#include <pthread.h>

int main(int argc, char** argv)
{
  (void)argv;
#ifndef pthread_create
  return ((int*)(&pthread_create))[argc];
#else
  (void)argc;
  return 0;
#endif
}

Determining if the pthread_create exist failed with the following output:
Change Dir: /home/tkhamvilai/Dropbox (GaTech)/DASC_(Immobotarium)/DASC_2019/Dist_MILP/bin/CMakeFiles/CMakeTmp

Run Build Command:"/usr/bin/make" "cmTC_f1c09/fast"
/usr/bin/make -f CMakeFiles/cmTC_f1c09.dir/build.make CMakeFiles/cmTC_f1c09.dir/build
make[1]: Entering directory '/home/tkhamvilai/Dropbox (GaTech)/DASC_(Immobotarium)/DASC_2019/Dist_MILP/bin/CMakeFiles/CMakeTmp'
Building C object CMakeFiles/cmTC_f1c09.dir/CheckSymbolExists.c.o
/usr/bin/cc    -o CMakeFiles/cmTC_f1c09.dir/CheckSymbolExists.c.o   -c "/home/tkhamvilai/Dropbox (GaTech)/DASC_(Immobotarium)/DASC_2019/Dist_MILP/bin/CMakeFiles/CMakeTmp/CheckSymbolExists.c"
Linking C executable cmTC_f1c09
/home/tkhamvilai/Downloads/clion-2019.1/bin/cmake/linux/bin/cmake -E cmake_link_script CMakeFiles/cmTC_f1c09.dir/link.txt --verbose=1
/usr/bin/cc      CMakeFiles/cmTC_f1c09.dir/CheckSymbolExists.c.o  -o cmTC_f1c09 
CMakeFiles/cmTC_f1c09.dir/CheckSymbolExists.c.o: In function `main':
CheckSymbolExists.c:(.text+0x1b): undefined reference to `pthread_create'
collect2: error: ld returned 1 exit status
CMakeFiles/cmTC_f1c09.dir/build.make:86: recipe for target 'cmTC_f1c09' failed
make[1]: *** [cmTC_f1c09] Error 1
make[1]: Leaving directory '/home/tkhamvilai/Dropbox (GaTech)/DASC_(Immobotarium)/DASC_2019/Dist_MILP/bin/CMakeFiles/CMakeTmp'
Makefile:121: recipe for target 'cmTC_f1c09/fast' failed
make: *** [cmTC_f1c09/fast] Error 2

File /home/tkhamvilai/Dropbox (GaTech)/DASC_(Immobotarium)/DASC_2019/Dist_MILP/bin/CMakeFiles/CMakeTmp/CheckSymbolExists.c:
/* */
#include <pthread.h>

int main(int argc, char** argv)
{
  (void)argv;
#ifndef pthread_create
  return ((int*)(&pthread_create))[argc];
#else
  (void)argc;
  return 0;
#endif
}

Determining if the pthread_create exist failed with the following output:
Change Dir: /home/tkhamvilai/Dropbox/DASC 2018 Paper/DASC_2019/Dist_MILP/bin/CMakeFiles/CMakeTmp

Run Build Command:"/usr/bin/make" "cmTC_20488/fast"
/usr/bin/make -f CMakeFiles/cmTC_20488.dir/build.make CMakeFiles/cmTC_20488.dir/build
make[1]: Entering directory '/home/tkhamvilai/Dropbox/DASC 2018 Paper/DASC_2019/Dist_MILP/bin/CMakeFiles/CMakeTmp'
Building C object CMakeFiles/cmTC_20488.dir/CheckSymbolExists.c.o
/usr/bin/cc    -o CMakeFiles/cmTC_20488.dir/CheckSymbolExists.c.o   -c "/home/tkhamvilai/Dropbox/DASC 2018 Paper/DASC_2019/Dist_MILP/bin/CMakeFiles/CMakeTmp/CheckSymbolExists.c"
Linking C executable cmTC_20488
/home/tkhamvilai/Downloads/CLion-2019.1/clion-2019.1/bin/cmake/linux/bin/cmake -E cmake_link_script CMakeFiles/cmTC_20488.dir/link.txt --verbose=1
/usr/bin/cc      CMakeFiles/cmTC_20488.dir/CheckSymbolExists.c.o  -o cmTC_20488 
CMakeFiles/cmTC_20488.dir/CheckSymbolExists.c.o: In function `main':
CheckSymbolExists.c:(.text+0x1b): undefined reference to `pthread_create'
collect2: error: ld returned 1 exit status
CMakeFiles/cmTC_20488.dir/build.make:86: recipe for target 'cmTC_20488' failed
make[1]: *** [cmTC_20488] Error 1
make[1]: Leaving directory '/home/tkhamvilai/Dropbox/DASC 2018 Paper/DASC_2019/Dist_MILP/bin/CMakeFiles/CMakeTmp'
Makefile:121: recipe for target 'cmTC_20488/fast' failed
make: *** [cmTC_20488/fast] Error 2

File /home/tkhamvilai/Dropbox/DASC 2018 Paper/DASC_2019/Dist_MILP/bin/CMakeFiles/CMakeTmp/CheckSymbolExists.c:
/* */
#include <pthread.h>

int main(int argc, char** argv)
{
  (void)argv;
#ifndef pthread_create
  return ((int*)(&pthread_create))[argc];
#else
  (void)argc;
  return 0;
#endif
}

Determining if the pthread_create exist failed with the following output:
Change Dir: /home/tkhamvilai/Dropbox (GaTech)/DASC_(Immobotarium)/DASC_2019/Dist_MILP/bin/CMakeFiles/CMakeTmp

Run Build Command:"/usr/bin/make" "cmTC_2b610/fast"
/usr/bin/make -f CMakeFiles/cmTC_2b610.dir/build.make CMakeFiles/cmTC_2b610.dir/build
make[1]: Entering directory '/home/tkhamvilai/Dropbox (GaTech)/DASC_(Immobotarium)/DASC_2019/Dist_MILP/bin/CMakeFiles/CMakeTmp'
Building C object CMakeFiles/cmTC_2b610.dir/CheckSymbolExists.c.o
/usr/bin/cc    -o CMakeFiles/cmTC_2b610.dir/CheckSymbolExists.c.o   -c "/home/tkhamvilai/Dropbox (GaTech)/DASC_(Immobotarium)/DASC_2019/Dist_MILP/bin/CMakeFiles/CMakeTmp/CheckSymbolExists.c"
Linking C executable cmTC_2b610
/home/tkhamvilai/Downloads/clion-2019.1/bin/cmake/linux/bin/cmake -E cmake_link_script CMakeFiles/cmTC_2b610.dir/link.txt --verbose=1
/usr/bin/cc      CMakeFiles/cmTC_2b610.dir/CheckSymbolExists.c.o  -o cmTC_2b610 
CMakeFiles/cmTC_2b610.dir/CheckSymbolExists.c.o: In function `main':
CheckSymbolExists.c:(.text+0x1b): undefined reference to `pthread_create'
collect2: error: ld returned 1 exit status
CMakeFiles/cmTC_2b610.dir/build.make:86: recipe for target 'cmTC_2b610' failed
make[1]: *** [cmTC_2b610] Error 1
make[1]: Leaving directory '/home/tkhamvilai/Dropbox (GaTech)/DASC_(Immobotarium)/DASC_2019/Dist_MILP/bin/CMakeFiles/CMakeTmp'
Makefile:121: recipe for target 'cmTC_2b610/fast' failed
make: *** [cmTC_2b610/fast] Error 2

File /home/tkhamvilai/Dropbox (GaTech)/DASC_(Immobotarium)/DASC_2019/Dist_MILP/bin/CMakeFiles/CMakeTmp/CheckSymbolExists.c:
/* */
#include <pthread.h>

int main(int argc, char** argv)
{
  (void)argv;
#ifndef pthread_create
  return ((int*)(&pthread_create))[argc];
#else
  (void)argc;
  return 0;
#endif
}

Determining if the pthread_create exist failed with the following output:
Change Dir: /home/tkhamvilai/Dropbox/DASC 2018 Paper/DASC_2019/Dist_MILP/bin/CMakeFiles/CMakeTmp

Run Build Command:"/usr/bin/make" "cmTC_fefb8/fast"
/usr/bin/make -f CMakeFiles/cmTC_fefb8.dir/build.make CMakeFiles/cmTC_fefb8.dir/build
make[1]: Entering directory '/home/tkhamvilai/Dropbox/DASC 2018 Paper/DASC_2019/Dist_MILP/bin/CMakeFiles/CMakeTmp'
Building C object CMakeFiles/cmTC_fefb8.dir/CheckSymbolExists.c.o
/usr/bin/cc    -o CMakeFiles/cmTC_fefb8.dir/CheckSymbolExists.c.o   -c "/home/tkhamvilai/Dropbox/DASC 2018 Paper/DASC_2019/Dist_MILP/bin/CMakeFiles/CMakeTmp/CheckSymbolExists.c"
Linking C executable cmTC_fefb8
/home/tkhamvilai/Downloads/CLion-2019.1/clion-2019.1/bin/cmake/linux/bin/cmake -E cmake_link_script CMakeFiles/cmTC_fefb8.dir/link.txt --verbose=1
/usr/bin/cc      CMakeFiles/cmTC_fefb8.dir/CheckSymbolExists.c.o  -o cmTC_fefb8 
CMakeFiles/cmTC_fefb8.dir/CheckSymbolExists.c.o: In function `main':
CheckSymbolExists.c:(.text+0x1b): undefined reference to `pthread_create'
collect2: error: ld returned 1 exit status
CMakeFiles/cmTC_fefb8.dir/build.make:86: recipe for target 'cmTC_fefb8' failed
make[1]: *** [cmTC_fefb8] Error 1
make[1]: Leaving directory '/home/tkhamvilai/Dropbox/DASC 2018 Paper/DASC_2019/Dist_MILP/bin/CMakeFiles/CMakeTmp'
Makefile:121: recipe for target 'cmTC_fefb8/fast' failed
make: *** [cmTC_fefb8/fast] Error 2

File /home/tkhamvilai/Dropbox/DASC 2018 Paper/DASC_2019/Dist_MILP/bin/CMakeFiles/CMakeTmp/CheckSymbolExists.c:
/* */
#include <pthread.h>

int main(int argc, char** argv)
{
  (void)argv;
#ifndef pthread_create
  return ((int*)(&pthread_create))[argc];
#else
  (void)argc;
  return 0;
#endif
}

Determining if the pthread_create exist failed with the following output:
Change Dir: /home/tkhamvilai/Dropbox (GaTech)/DASC_(Immobotarium)/DASC_2019/Dist_MILP/bin/CMakeFiles/CMakeTmp

Run Build Command:"/usr/bin/make" "cmTC_ef9a0/fast"
/usr/bin/make -f CMakeFiles/cmTC_ef9a0.dir/build.make CMakeFiles/cmTC_ef9a0.dir/build
make[1]: Entering directory '/home/tkhamvilai/Dropbox (GaTech)/DASC_(Immobotarium)/DASC_2019/Dist_MILP/bin/CMakeFiles/CMakeTmp'
Building C object CMakeFiles/cmTC_ef9a0.dir/CheckSymbolExists.c.o
/usr/bin/cc    -o CMakeFiles/cmTC_ef9a0.dir/CheckSymbolExists.c.o   -c "/home/tkhamvilai/Dropbox (GaTech)/DASC_(Immobotarium)/DASC_2019/Dist_MILP/bin/CMakeFiles/CMakeTmp/CheckSymbolExists.c"
Linking C executable cmTC_ef9a0
/home/tkhamvilai/Downloads/clion-2019.1/bin/cmake/linux/bin/cmake -E cmake_link_script CMakeFiles/cmTC_ef9a0.dir/link.txt --verbose=1
/usr/bin/cc      CMakeFiles/cmTC_ef9a0.dir/CheckSymbolExists.c.o  -o cmTC_ef9a0 
CMakeFiles/cmTC_ef9a0.dir/CheckSymbolExists.c.o: In function `main':
CheckSymbolExists.c:(.text+0x1b): undefined reference to `pthread_create'
collect2: error: ld returned 1 exit status
CMakeFiles/cmTC_ef9a0.dir/build.make:86: recipe for target 'cmTC_ef9a0' failed
make[1]: *** [cmTC_ef9a0] Error 1
make[1]: Leaving directory '/home/tkhamvilai/Dropbox (GaTech)/DASC_(Immobotarium)/DASC_2019/Dist_MILP/bin/CMakeFiles/CMakeTmp'
Makefile:121: recipe for target 'cmTC_ef9a0/fast' failed
make: *** [cmTC_ef9a0/fast] Error 2

File /home/tkhamvilai/Dropbox (GaTech)/DASC_(Immobotarium)/DASC_2019/Dist_MILP/bin/CMakeFiles/CMakeTmp/CheckSymbolExists.c:
/* */
#include <pthread.h>

int main(int argc, char** argv)
{
  (void)argv;
#ifndef pthread_create
  return ((int*)(&pthread_create))[argc];
#else
  (void)argc;
  return 0;
#endif
}

Determining if the pthread_create exist failed with the following output:
Change Dir: /home/jbm/Dropbox/DASC 2018 Paper/DASC_2019/Dist_MILP/bin/CMakeFiles/CMakeTmp

Run Build Command:"/usr/bin/make" "cmTC_ba727/fast"
/usr/bin/make -f CMakeFiles/cmTC_ba727.dir/build.make CMakeFiles/cmTC_ba727.dir/build
make[1]: Entering directory '/home/jbm/Dropbox/DASC 2018 Paper/DASC_2019/Dist_MILP/bin/CMakeFiles/CMakeTmp'
Building C object CMakeFiles/cmTC_ba727.dir/CheckSymbolExists.c.o
/usr/bin/cc    -o CMakeFiles/cmTC_ba727.dir/CheckSymbolExists.c.o   -c "/home/jbm/Dropbox/DASC 2018 Paper/DASC_2019/Dist_MILP/bin/CMakeFiles/CMakeTmp/CheckSymbolExists.c"
Linking C executable cmTC_ba727
/opt/clion-2018.2.6/bin/cmake/linux/bin/cmake -E cmake_link_script CMakeFiles/cmTC_ba727.dir/link.txt --verbose=1
/usr/bin/cc      CMakeFiles/cmTC_ba727.dir/CheckSymbolExists.c.o  -o cmTC_ba727 
CMakeFiles/cmTC_ba727.dir/CheckSymbolExists.c.o: In function `main':
CheckSymbolExists.c:(.text+0x1b): undefined reference to `pthread_create'
collect2: error: ld returned 1 exit status
CMakeFiles/cmTC_ba727.dir/build.make:86: recipe for target 'cmTC_ba727' failed
make[1]: *** [cmTC_ba727] Error 1
make[1]: Leaving directory '/home/jbm/Dropbox/DASC 2018 Paper/DASC_2019/Dist_MILP/bin/CMakeFiles/CMakeTmp'
Makefile:121: recipe for target 'cmTC_ba727/fast' failed
make: *** [cmTC_ba727/fast] Error 2

File /home/jbm/Dropbox/DASC 2018 Paper/DASC_2019/Dist_MILP/bin/CMakeFiles/CMakeTmp/CheckSymbolExists.c:
/* */
#include <pthread.h>

int main(int argc, char** argv)
{
  (void)argv;
#ifndef pthread_create
  return ((int*)(&pthread_create))[argc];
#else
  (void)argc;
  return 0;
#endif
}

Determining if the pthread_create exist failed with the following output:
Change Dir: /home/tkhamvilai/Dropbox (GaTech)/DASC_(Immobotarium)/DASC_2019/Dist_MILP/bin/CMakeFiles/CMakeTmp

Run Build Command:"/usr/bin/make" "cmTC_16fd2/fast"
/usr/bin/make -f CMakeFiles/cmTC_16fd2.dir/build.make CMakeFiles/cmTC_16fd2.dir/build
make[1]: Entering directory '/home/tkhamvilai/Dropbox (GaTech)/DASC_(Immobotarium)/DASC_2019/Dist_MILP/bin/CMakeFiles/CMakeTmp'
Building C object CMakeFiles/cmTC_16fd2.dir/CheckSymbolExists.c.o
/usr/bin/cc    -o CMakeFiles/cmTC_16fd2.dir/CheckSymbolExists.c.o   -c "/home/tkhamvilai/Dropbox (GaTech)/DASC_(Immobotarium)/DASC_2019/Dist_MILP/bin/CMakeFiles/CMakeTmp/CheckSymbolExists.c"
Linking C executable cmTC_16fd2
/home/tkhamvilai/Downloads/clion-2019.1/bin/cmake/linux/bin/cmake -E cmake_link_script CMakeFiles/cmTC_16fd2.dir/link.txt --verbose=1
/usr/bin/cc      CMakeFiles/cmTC_16fd2.dir/CheckSymbolExists.c.o  -o cmTC_16fd2 
CMakeFiles/cmTC_16fd2.dir/CheckSymbolExists.c.o: In function `main':
CheckSymbolExists.c:(.text+0x1b): undefined reference to `pthread_create'
collect2: error: ld returned 1 exit status
CMakeFiles/cmTC_16fd2.dir/build.make:86: recipe for target 'cmTC_16fd2' failed
make[1]: *** [cmTC_16fd2] Error 1
make[1]: Leaving directory '/home/tkhamvilai/Dropbox (GaTech)/DASC_(Immobotarium)/DASC_2019/Dist_MILP/bin/CMakeFiles/CMakeTmp'
Makefile:121: recipe for target 'cmTC_16fd2/fast' failed
make: *** [cmTC_16fd2/fast] Error 2

File /home/tkhamvilai/Dropbox (GaTech)/DASC_(Immobotarium)/DASC_2019/Dist_MILP/bin/CMakeFiles/CMakeTmp/CheckSymbolExists.c:
/* */
#include <pthread.h>

int main(int argc, char** argv)
{
  (void)argv;
#ifndef pthread_create
  return ((int*)(&pthread_create))[argc];
#else
  (void)argc;
  return 0;
#endif
}

Determining if the pthread_create exist failed with the following output:
Change Dir: /home/jbm/Dropbox/DASC 2018 Paper/DASC_2019/Dist_MILP/bin/CMakeFiles/CMakeTmp

Run Build Command:"/usr/bin/make" "cmTC_88332/fast"
/usr/bin/make -f CMakeFiles/cmTC_88332.dir/build.make CMakeFiles/cmTC_88332.dir/build
make[1]: Entering directory '/home/jbm/Dropbox/DASC 2018 Paper/DASC_2019/Dist_MILP/bin/CMakeFiles/CMakeTmp'
Building C object CMakeFiles/cmTC_88332.dir/CheckSymbolExists.c.o
/usr/bin/cc    -o CMakeFiles/cmTC_88332.dir/CheckSymbolExists.c.o   -c "/home/jbm/Dropbox/DASC 2018 Paper/DASC_2019/Dist_MILP/bin/CMakeFiles/CMakeTmp/CheckSymbolExists.c"
Linking C executable cmTC_88332
/opt/clion-2018.2.6/bin/cmake/linux/bin/cmake -E cmake_link_script CMakeFiles/cmTC_88332.dir/link.txt --verbose=1
/usr/bin/cc      CMakeFiles/cmTC_88332.dir/CheckSymbolExists.c.o  -o cmTC_88332 
CMakeFiles/cmTC_88332.dir/CheckSymbolExists.c.o: In function `main':
CheckSymbolExists.c:(.text+0x1b): undefined reference to `pthread_create'
collect2: error: ld returned 1 exit status
CMakeFiles/cmTC_88332.dir/build.make:86: recipe for target 'cmTC_88332' failed
make[1]: *** [cmTC_88332] Error 1
make[1]: Leaving directory '/home/jbm/Dropbox/DASC 2018 Paper/DASC_2019/Dist_MILP/bin/CMakeFiles/CMakeTmp'
Makefile:121: recipe for target 'cmTC_88332/fast' failed
make: *** [cmTC_88332/fast] Error 2

File /home/jbm/Dropbox/DASC 2018 Paper/DASC_2019/Dist_MILP/bin/CMakeFiles/CMakeTmp/CheckSymbolExists.c:
/* */
#include <pthread.h>

int main(int argc, char** argv)
{
  (void)argv;
#ifndef pthread_create
  return ((int*)(&pthread_create))[argc];
#else
  (void)argc;
  return 0;
#endif
}

Determining if the pthread_create exist failed with the following output:
Change Dir: /home/tkhamvilai/Dropbox (GaTech)/DASC_(Immobotarium)/DASC_2019/Dist_MILP/bin/CMakeFiles/CMakeTmp

Run Build Command:"/usr/bin/make" "cmTC_44bec/fast"
/usr/bin/make -f CMakeFiles/cmTC_44bec.dir/build.make CMakeFiles/cmTC_44bec.dir/build
make[1]: Entering directory '/home/tkhamvilai/Dropbox (GaTech)/DASC_(Immobotarium)/DASC_2019/Dist_MILP/bin/CMakeFiles/CMakeTmp'
Building C object CMakeFiles/cmTC_44bec.dir/CheckSymbolExists.c.o
/usr/bin/cc    -o CMakeFiles/cmTC_44bec.dir/CheckSymbolExists.c.o   -c "/home/tkhamvilai/Dropbox (GaTech)/DASC_(Immobotarium)/DASC_2019/Dist_MILP/bin/CMakeFiles/CMakeTmp/CheckSymbolExists.c"
Linking C executable cmTC_44bec
/home/tkhamvilai/Downloads/clion-2019.1/bin/cmake/linux/bin/cmake -E cmake_link_script CMakeFiles/cmTC_44bec.dir/link.txt --verbose=1
/usr/bin/cc      CMakeFiles/cmTC_44bec.dir/CheckSymbolExists.c.o  -o cmTC_44bec 
CMakeFiles/cmTC_44bec.dir/CheckSymbolExists.c.o: In function `main':
CheckSymbolExists.c:(.text+0x1b): undefined reference to `pthread_create'
collect2: error: ld returned 1 exit status
CMakeFiles/cmTC_44bec.dir/build.make:86: recipe for target 'cmTC_44bec' failed
make[1]: *** [cmTC_44bec] Error 1
make[1]: Leaving directory '/home/tkhamvilai/Dropbox (GaTech)/DASC_(Immobotarium)/DASC_2019/Dist_MILP/bin/CMakeFiles/CMakeTmp'
Makefile:121: recipe for target 'cmTC_44bec/fast' failed
make: *** [cmTC_44bec/fast] Error 2

File /home/tkhamvilai/Dropbox (GaTech)/DASC_(Immobotarium)/DASC_2019/Dist_MILP/bin/CMakeFiles/CMakeTmp/CheckSymbolExists.c:
/* */
#include <pthread.h>

int main(int argc, char** argv)
{
  (void)argv;
#ifndef pthread_create
  return ((int*)(&pthread_create))[argc];
#else
  (void)argc;
  return 0;
#endif
}

Determining if the pthread_create exist failed with the following output:
Change Dir: /home/jbm/Dropbox/DASC 2018 Paper/DASC_2019/Dist_MILP/bin/CMakeFiles/CMakeTmp

Run Build Command:"/usr/bin/make" "cmTC_1ca38/fast"
/usr/bin/make -f CMakeFiles/cmTC_1ca38.dir/build.make CMakeFiles/cmTC_1ca38.dir/build
make[1]: Entering directory '/home/jbm/Dropbox/DASC 2018 Paper/DASC_2019/Dist_MILP/bin/CMakeFiles/CMakeTmp'
Building C object CMakeFiles/cmTC_1ca38.dir/CheckSymbolExists.c.o
/usr/bin/cc    -o CMakeFiles/cmTC_1ca38.dir/CheckSymbolExists.c.o   -c "/home/jbm/Dropbox/DASC 2018 Paper/DASC_2019/Dist_MILP/bin/CMakeFiles/CMakeTmp/CheckSymbolExists.c"
Linking C executable cmTC_1ca38
/opt/clion-2018.2.6/bin/cmake/linux/bin/cmake -E cmake_link_script CMakeFiles/cmTC_1ca38.dir/link.txt --verbose=1
/usr/bin/cc      CMakeFiles/cmTC_1ca38.dir/CheckSymbolExists.c.o  -o cmTC_1ca38 
CMakeFiles/cmTC_1ca38.dir/CheckSymbolExists.c.o: In function `main':
CheckSymbolExists.c:(.text+0x1b): undefined reference to `pthread_create'
collect2: error: ld returned 1 exit status
CMakeFiles/cmTC_1ca38.dir/build.make:86: recipe for target 'cmTC_1ca38' failed
make[1]: *** [cmTC_1ca38] Error 1
make[1]: Leaving directory '/home/jbm/Dropbox/DASC 2018 Paper/DASC_2019/Dist_MILP/bin/CMakeFiles/CMakeTmp'
Makefile:121: recipe for target 'cmTC_1ca38/fast' failed
make: *** [cmTC_1ca38/fast] Error 2

File /home/jbm/Dropbox/DASC 2018 Paper/DASC_2019/Dist_MILP/bin/CMakeFiles/CMakeTmp/CheckSymbolExists.c:
/* */
#include <pthread.h>

int main(int argc, char** argv)
{
  (void)argv;
#ifndef pthread_create
  return ((int*)(&pthread_create))[argc];
#else
  (void)argc;
  return 0;
#endif
}

Determining if the pthread_create exist failed with the following output:
Change Dir: /home/tkhamvilai/Dropbox (GaTech)/DASC_(Immobotarium)/DASC_2019/Dist_MILP/bin/CMakeFiles/CMakeTmp

Run Build Command:"/usr/bin/make" "cmTC_13933/fast"
/usr/bin/make -f CMakeFiles/cmTC_13933.dir/build.make CMakeFiles/cmTC_13933.dir/build
make[1]: Entering directory '/home/tkhamvilai/Dropbox (GaTech)/DASC_(Immobotarium)/DASC_2019/Dist_MILP/bin/CMakeFiles/CMakeTmp'
Building C object CMakeFiles/cmTC_13933.dir/CheckSymbolExists.c.o
/usr/bin/cc    -o CMakeFiles/cmTC_13933.dir/CheckSymbolExists.c.o   -c "/home/tkhamvilai/Dropbox (GaTech)/DASC_(Immobotarium)/DASC_2019/Dist_MILP/bin/CMakeFiles/CMakeTmp/CheckSymbolExists.c"
Linking C executable cmTC_13933
/home/tkhamvilai/Downloads/clion-2019.1/bin/cmake/linux/bin/cmake -E cmake_link_script CMakeFiles/cmTC_13933.dir/link.txt --verbose=1
/usr/bin/cc      CMakeFiles/cmTC_13933.dir/CheckSymbolExists.c.o  -o cmTC_13933 
CMakeFiles/cmTC_13933.dir/CheckSymbolExists.c.o: In function `main':
CheckSymbolExists.c:(.text+0x1b): undefined reference to `pthread_create'
collect2: error: ld returned 1 exit status
CMakeFiles/cmTC_13933.dir/build.make:86: recipe for target 'cmTC_13933' failed
make[1]: *** [cmTC_13933] Error 1
make[1]: Leaving directory '/home/tkhamvilai/Dropbox (GaTech)/DASC_(Immobotarium)/DASC_2019/Dist_MILP/bin/CMakeFiles/CMakeTmp'
Makefile:121: recipe for target 'cmTC_13933/fast' failed
make: *** [cmTC_13933/fast] Error 2

File /home/tkhamvilai/Dropbox (GaTech)/DASC_(Immobotarium)/DASC_2019/Dist_MILP/bin/CMakeFiles/CMakeTmp/CheckSymbolExists.c:
/* */
#include <pthread.h>

int main(int argc, char** argv)
{
  (void)argv;
#ifndef pthread_create
  return ((int*)(&pthread_create))[argc];
#else
  (void)argc;
  return 0;
#endif
}

Determining if the pthread_create exist failed with the following output:
Change Dir: /home/jbm/Dropbox/DASC 2018 Paper/DASC_2019/Dist_MILP/bin/CMakeFiles/CMakeTmp

Run Build Command:"/usr/bin/make" "cmTC_98e1f/fast"
/usr/bin/make -f CMakeFiles/cmTC_98e1f.dir/build.make CMakeFiles/cmTC_98e1f.dir/build
make[1]: Entering directory '/home/jbm/Dropbox/DASC 2018 Paper/DASC_2019/Dist_MILP/bin/CMakeFiles/CMakeTmp'
Building C object CMakeFiles/cmTC_98e1f.dir/CheckSymbolExists.c.o
/usr/bin/cc    -o CMakeFiles/cmTC_98e1f.dir/CheckSymbolExists.c.o   -c "/home/jbm/Dropbox/DASC 2018 Paper/DASC_2019/Dist_MILP/bin/CMakeFiles/CMakeTmp/CheckSymbolExists.c"
Linking C executable cmTC_98e1f
/opt/clion-2018.2.6/bin/cmake/linux/bin/cmake -E cmake_link_script CMakeFiles/cmTC_98e1f.dir/link.txt --verbose=1
/usr/bin/cc      CMakeFiles/cmTC_98e1f.dir/CheckSymbolExists.c.o  -o cmTC_98e1f 
CMakeFiles/cmTC_98e1f.dir/CheckSymbolExists.c.o: In function `main':
CheckSymbolExists.c:(.text+0x1b): undefined reference to `pthread_create'
collect2: error: ld returned 1 exit status
CMakeFiles/cmTC_98e1f.dir/build.make:86: recipe for target 'cmTC_98e1f' failed
make[1]: *** [cmTC_98e1f] Error 1
make[1]: Leaving directory '/home/jbm/Dropbox/DASC 2018 Paper/DASC_2019/Dist_MILP/bin/CMakeFiles/CMakeTmp'
Makefile:121: recipe for target 'cmTC_98e1f/fast' failed
make: *** [cmTC_98e1f/fast] Error 2

File /home/jbm/Dropbox/DASC 2018 Paper/DASC_2019/Dist_MILP/bin/CMakeFiles/CMakeTmp/CheckSymbolExists.c:
/* */
#include <pthread.h>

int main(int argc, char** argv)
{
  (void)argv;
#ifndef pthread_create
  return ((int*)(&pthread_create))[argc];
#else
  (void)argc;
  return 0;
#endif
}

Determining if the pthread_create exist failed with the following output:
Change Dir: /home/tkhamvilai/Dropbox (GaTech)/DASC_(Immobotarium)/DASC_2019/Dist_MILP/bin/CMakeFiles/CMakeTmp

Run Build Command:"/usr/bin/make" "cmTC_e6ab9/fast"
/usr/bin/make -f CMakeFiles/cmTC_e6ab9.dir/build.make CMakeFiles/cmTC_e6ab9.dir/build
make[1]: Entering directory '/home/tkhamvilai/Dropbox (GaTech)/DASC_(Immobotarium)/DASC_2019/Dist_MILP/bin/CMakeFiles/CMakeTmp'
Building C object CMakeFiles/cmTC_e6ab9.dir/CheckSymbolExists.c.o
/usr/bin/cc    -o CMakeFiles/cmTC_e6ab9.dir/CheckSymbolExists.c.o   -c "/home/tkhamvilai/Dropbox (GaTech)/DASC_(Immobotarium)/DASC_2019/Dist_MILP/bin/CMakeFiles/CMakeTmp/CheckSymbolExists.c"
Linking C executable cmTC_e6ab9
/home/tkhamvilai/Downloads/clion-2019.1/bin/cmake/linux/bin/cmake -E cmake_link_script CMakeFiles/cmTC_e6ab9.dir/link.txt --verbose=1
/usr/bin/cc      CMakeFiles/cmTC_e6ab9.dir/CheckSymbolExists.c.o  -o cmTC_e6ab9 
CMakeFiles/cmTC_e6ab9.dir/CheckSymbolExists.c.o: In function `main':
CheckSymbolExists.c:(.text+0x1b): undefined reference to `pthread_create'
collect2: error: ld returned 1 exit status
CMakeFiles/cmTC_e6ab9.dir/build.make:86: recipe for target 'cmTC_e6ab9' failed
make[1]: *** [cmTC_e6ab9] Error 1
make[1]: Leaving directory '/home/tkhamvilai/Dropbox (GaTech)/DASC_(Immobotarium)/DASC_2019/Dist_MILP/bin/CMakeFiles/CMakeTmp'
Makefile:121: recipe for target 'cmTC_e6ab9/fast' failed
make: *** [cmTC_e6ab9/fast] Error 2

File /home/tkhamvilai/Dropbox (GaTech)/DASC_(Immobotarium)/DASC_2019/Dist_MILP/bin/CMakeFiles/CMakeTmp/CheckSymbolExists.c:
/* */
#include <pthread.h>

int main(int argc, char** argv)
{
  (void)argv;
#ifndef pthread_create
  return ((int*)(&pthread_create))[argc];
#else
  (void)argc;
  return 0;
#endif
}

Determining if the pthread_create exist failed with the following output:
Change Dir: /home/tkhamvilai/Dropbox/DASC 2018 Paper/DASC_2019/Dist_MILP/bin/CMakeFiles/CMakeTmp

Run Build Command:"/usr/bin/make" "cmTC_a112c/fast"
/usr/bin/make -f CMakeFiles/cmTC_a112c.dir/build.make CMakeFiles/cmTC_a112c.dir/build
make[1]: Entering directory '/home/tkhamvilai/Dropbox/DASC 2018 Paper/DASC_2019/Dist_MILP/bin/CMakeFiles/CMakeTmp'
Building C object CMakeFiles/cmTC_a112c.dir/CheckSymbolExists.c.o
/usr/bin/cc    -o CMakeFiles/cmTC_a112c.dir/CheckSymbolExists.c.o   -c "/home/tkhamvilai/Dropbox/DASC 2018 Paper/DASC_2019/Dist_MILP/bin/CMakeFiles/CMakeTmp/CheckSymbolExists.c"
Linking C executable cmTC_a112c
/home/tkhamvilai/Downloads/CLion-2019.1/clion-2019.1/bin/cmake/linux/bin/cmake -E cmake_link_script CMakeFiles/cmTC_a112c.dir/link.txt --verbose=1
/usr/bin/cc      CMakeFiles/cmTC_a112c.dir/CheckSymbolExists.c.o  -o cmTC_a112c 
CMakeFiles/cmTC_a112c.dir/CheckSymbolExists.c.o: In function `main':
CheckSymbolExists.c:(.text+0x1b): undefined reference to `pthread_create'
collect2: error: ld returned 1 exit status
CMakeFiles/cmTC_a112c.dir/build.make:86: recipe for target 'cmTC_a112c' failed
make[1]: *** [cmTC_a112c] Error 1
make[1]: Leaving directory '/home/tkhamvilai/Dropbox/DASC 2018 Paper/DASC_2019/Dist_MILP/bin/CMakeFiles/CMakeTmp'
Makefile:121: recipe for target 'cmTC_a112c/fast' failed
make: *** [cmTC_a112c/fast] Error 2

File /home/tkhamvilai/Dropbox/DASC 2018 Paper/DASC_2019/Dist_MILP/bin/CMakeFiles/CMakeTmp/CheckSymbolExists.c:
/* */
#include <pthread.h>

int main(int argc, char** argv)
{
  (void)argv;
#ifndef pthread_create
  return ((int*)(&pthread_create))[argc];
#else
  (void)argc;
  return 0;
#endif
}

Determining if the pthread_create exist failed with the following output:
Change Dir: /home/tkhamvilai/Dropbox (GaTech)/DASC_(Immobotarium)/DASC_2019/Dist_MILP/bin/CMakeFiles/CMakeTmp

Run Build Command:"/usr/bin/make" "cmTC_c5414/fast"
/usr/bin/make -f CMakeFiles/cmTC_c5414.dir/build.make CMakeFiles/cmTC_c5414.dir/build
make[1]: Entering directory '/home/tkhamvilai/Dropbox (GaTech)/DASC_(Immobotarium)/DASC_2019/Dist_MILP/bin/CMakeFiles/CMakeTmp'
Building C object CMakeFiles/cmTC_c5414.dir/CheckSymbolExists.c.o
/usr/bin/cc    -o CMakeFiles/cmTC_c5414.dir/CheckSymbolExists.c.o   -c "/home/tkhamvilai/Dropbox (GaTech)/DASC_(Immobotarium)/DASC_2019/Dist_MILP/bin/CMakeFiles/CMakeTmp/CheckSymbolExists.c"
Linking C executable cmTC_c5414
/home/tkhamvilai/Downloads/clion-2019.1/bin/cmake/linux/bin/cmake -E cmake_link_script CMakeFiles/cmTC_c5414.dir/link.txt --verbose=1
/usr/bin/cc      CMakeFiles/cmTC_c5414.dir/CheckSymbolExists.c.o  -o cmTC_c5414 
CMakeFiles/cmTC_c5414.dir/CheckSymbolExists.c.o: In function `main':
CheckSymbolExists.c:(.text+0x1b): undefined reference to `pthread_create'
collect2: error: ld returned 1 exit status
CMakeFiles/cmTC_c5414.dir/build.make:86: recipe for target 'cmTC_c5414' failed
make[1]: *** [cmTC_c5414] Error 1
make[1]: Leaving directory '/home/tkhamvilai/Dropbox (GaTech)/DASC_(Immobotarium)/DASC_2019/Dist_MILP/bin/CMakeFiles/CMakeTmp'
Makefile:121: recipe for target 'cmTC_c5414/fast' failed
make: *** [cmTC_c5414/fast] Error 2

File /home/tkhamvilai/Dropbox (GaTech)/DASC_(Immobotarium)/DASC_2019/Dist_MILP/bin/CMakeFiles/CMakeTmp/CheckSymbolExists.c:
/* */
#include <pthread.h>

int main(int argc, char** argv)
{
  (void)argv;
#ifndef pthread_create
  return ((int*)(&pthread_create))[argc];
#else
  (void)argc;
  return 0;
#endif
}

