Determining if the include file pthread.h exists passed with the following output:
Change Dir: /home/tkhamvilai/eclipse/Ex_CPLEX/bin/CMakeFiles/CMakeTmp

Run Build Command:"/usr/bin/make" "cmTC_5759e/fast"
/usr/bin/make -f CMakeFiles/cmTC_5759e.dir/build.make CMakeFiles/cmTC_5759e.dir/build
make[1]: Entering directory '/home/tkhamvilai/eclipse/Ex_CPLEX/bin/CMakeFiles/CMakeTmp'
Building C object CMakeFiles/cmTC_5759e.dir/CheckIncludeFile.c.o
/usr/bin/cc    -o CMakeFiles/cmTC_5759e.dir/CheckIncludeFile.c.o   -c /home/tkhamvilai/eclipse/Ex_CPLEX/bin/CMakeFiles/CMakeTmp/CheckIncludeFile.c
Linking C executable cmTC_5759e
/usr/bin/cmake -E cmake_link_script CMakeFiles/cmTC_5759e.dir/link.txt --verbose=1
/usr/bin/cc      CMakeFiles/cmTC_5759e.dir/CheckIncludeFile.c.o  -o cmTC_5759e 
make[1]: Leaving directory '/home/tkhamvilai/eclipse/Ex_CPLEX/bin/CMakeFiles/CMakeTmp'


Determining if the function pthread_create exists in the pthread passed with the following output:
Change Dir: /home/tkhamvilai/eclipse/Ex_CPLEX/bin/CMakeFiles/CMakeTmp

Run Build Command:"/usr/bin/make" "cmTC_00918/fast"
/usr/bin/make -f CMakeFiles/cmTC_00918.dir/build.make CMakeFiles/cmTC_00918.dir/build
make[1]: Entering directory '/home/tkhamvilai/eclipse/Ex_CPLEX/bin/CMakeFiles/CMakeTmp'
Building C object CMakeFiles/cmTC_00918.dir/CheckFunctionExists.c.o
/usr/bin/cc   -DCHECK_FUNCTION_EXISTS=pthread_create   -o CMakeFiles/cmTC_00918.dir/CheckFunctionExists.c.o   -c /usr/share/cmake-3.10/Modules/CheckFunctionExists.c
Linking C executable cmTC_00918
/usr/bin/cmake -E cmake_link_script CMakeFiles/cmTC_00918.dir/link.txt --verbose=1
/usr/bin/cc  -DCHECK_FUNCTION_EXISTS=pthread_create    CMakeFiles/cmTC_00918.dir/CheckFunctionExists.c.o  -o cmTC_00918 -lpthread 
make[1]: Leaving directory '/home/tkhamvilai/eclipse/Ex_CPLEX/bin/CMakeFiles/CMakeTmp'


Determining if the include file pthread.h exists passed with the following output:
Change Dir: /home/jbm/Dropbox/DASC 2018 Paper/DASC_2019/Dist_MILP/bin/CMakeFiles/CMakeTmp

Run Build Command:"/usr/bin/make" "cmTC_61149/fast"
/usr/bin/make -f CMakeFiles/cmTC_61149.dir/build.make CMakeFiles/cmTC_61149.dir/build
make[1]: Entering directory '/home/jbm/Dropbox/DASC 2018 Paper/DASC_2019/Dist_MILP/bin/CMakeFiles/CMakeTmp'
Building C object CMakeFiles/cmTC_61149.dir/CheckIncludeFile.c.o
/usr/bin/cc    -o CMakeFiles/cmTC_61149.dir/CheckIncludeFile.c.o   -c "/home/jbm/Dropbox/DASC 2018 Paper/DASC_2019/Dist_MILP/bin/CMakeFiles/CMakeTmp/CheckIncludeFile.c"
Linking C executable cmTC_61149
/opt/clion-2018.2.6/bin/cmake/linux/bin/cmake -E cmake_link_script CMakeFiles/cmTC_61149.dir/link.txt --verbose=1
/usr/bin/cc      CMakeFiles/cmTC_61149.dir/CheckIncludeFile.c.o  -o cmTC_61149 
make[1]: Leaving directory '/home/jbm/Dropbox/DASC 2018 Paper/DASC_2019/Dist_MILP/bin/CMakeFiles/CMakeTmp'


Determining if the include file pthread.h exists passed with the following output:
Change Dir: /home/tkhamvilai/Dropbox (GaTech)/DASC_(Immobotarium)/DASC_2019/Dist_MILP/bin/CMakeFiles/CMakeTmp

Run Build Command:"/usr/bin/make" "cmTC_69b7f/fast"
/usr/bin/make -f CMakeFiles/cmTC_69b7f.dir/build.make CMakeFiles/cmTC_69b7f.dir/build
make[1]: Entering directory '/home/tkhamvilai/Dropbox (GaTech)/DASC_(Immobotarium)/DASC_2019/Dist_MILP/bin/CMakeFiles/CMakeTmp'
Building C object CMakeFiles/cmTC_69b7f.dir/CheckIncludeFile.c.o
/usr/bin/cc    -o CMakeFiles/cmTC_69b7f.dir/CheckIncludeFile.c.o   -c "/home/tkhamvilai/Dropbox (GaTech)/DASC_(Immobotarium)/DASC_2019/Dist_MILP/bin/CMakeFiles/CMakeTmp/CheckIncludeFile.c"
Linking C executable cmTC_69b7f
/usr/bin/cmake -E cmake_link_script CMakeFiles/cmTC_69b7f.dir/link.txt --verbose=1
/usr/bin/cc      CMakeFiles/cmTC_69b7f.dir/CheckIncludeFile.c.o  -o cmTC_69b7f 
make[1]: Leaving directory '/home/tkhamvilai/Dropbox (GaTech)/DASC_(Immobotarium)/DASC_2019/Dist_MILP/bin/CMakeFiles/CMakeTmp'


Determining if the include file pthread.h exists passed with the following output:
Change Dir: /home/tkhamvilai/Dropbox (GaTech)/DASC_(Immobotarium)/DASC_2019/Dist_MILP/bin/CMakeFiles/CMakeTmp

Run Build Command:"/usr/bin/make" "cmTC_d8a8d/fast"
/usr/bin/make -f CMakeFiles/cmTC_d8a8d.dir/build.make CMakeFiles/cmTC_d8a8d.dir/build
make[1]: Entering directory '/home/tkhamvilai/Dropbox (GaTech)/DASC_(Immobotarium)/DASC_2019/Dist_MILP/bin/CMakeFiles/CMakeTmp'
Building C object CMakeFiles/cmTC_d8a8d.dir/CheckIncludeFile.c.o
/usr/bin/cc    -o CMakeFiles/cmTC_d8a8d.dir/CheckIncludeFile.c.o   -c "/home/tkhamvilai/Dropbox (GaTech)/DASC_(Immobotarium)/DASC_2019/Dist_MILP/bin/CMakeFiles/CMakeTmp/CheckIncludeFile.c"
Linking C executable cmTC_d8a8d
/home/tkhamvilai/Downloads/clion-2019.1/bin/cmake/linux/bin/cmake -E cmake_link_script CMakeFiles/cmTC_d8a8d.dir/link.txt --verbose=1
/usr/bin/cc      CMakeFiles/cmTC_d8a8d.dir/CheckIncludeFile.c.o  -o cmTC_d8a8d 
make[1]: Leaving directory '/home/tkhamvilai/Dropbox (GaTech)/DASC_(Immobotarium)/DASC_2019/Dist_MILP/bin/CMakeFiles/CMakeTmp'


Determining if the include file pthread.h exists passed with the following output:
Change Dir: /home/tkhamvilai/Dropbox/DASC 2018 Paper/DASC_2019/Dist_MILP/bin/CMakeFiles/CMakeTmp

Run Build Command:"/usr/bin/make" "cmTC_895da/fast"
/usr/bin/make -f CMakeFiles/cmTC_895da.dir/build.make CMakeFiles/cmTC_895da.dir/build
make[1]: Entering directory '/home/tkhamvilai/Dropbox/DASC 2018 Paper/DASC_2019/Dist_MILP/bin/CMakeFiles/CMakeTmp'
Building C object CMakeFiles/cmTC_895da.dir/CheckIncludeFile.c.o
/usr/bin/cc    -o CMakeFiles/cmTC_895da.dir/CheckIncludeFile.c.o   -c "/home/tkhamvilai/Dropbox/DASC 2018 Paper/DASC_2019/Dist_MILP/bin/CMakeFiles/CMakeTmp/CheckIncludeFile.c"
Linking C executable cmTC_895da
/home/tkhamvilai/Downloads/CLion-2019.1/clion-2019.1/bin/cmake/linux/bin/cmake -E cmake_link_script CMakeFiles/cmTC_895da.dir/link.txt --verbose=1
/usr/bin/cc      CMakeFiles/cmTC_895da.dir/CheckIncludeFile.c.o  -o cmTC_895da 
make[1]: Leaving directory '/home/tkhamvilai/Dropbox/DASC 2018 Paper/DASC_2019/Dist_MILP/bin/CMakeFiles/CMakeTmp'


Determining if the include file pthread.h exists passed with the following output:
Change Dir: /home/tkhamvilai/Dropbox (GaTech)/DASC_(Immobotarium)/DASC_2019/Dist_MILP/bin/CMakeFiles/CMakeTmp

Run Build Command:"/usr/bin/make" "cmTC_ed329/fast"
/usr/bin/make -f CMakeFiles/cmTC_ed329.dir/build.make CMakeFiles/cmTC_ed329.dir/build
make[1]: Entering directory '/home/tkhamvilai/Dropbox (GaTech)/DASC_(Immobotarium)/DASC_2019/Dist_MILP/bin/CMakeFiles/CMakeTmp'
Building C object CMakeFiles/cmTC_ed329.dir/CheckIncludeFile.c.o
/usr/bin/cc    -o CMakeFiles/cmTC_ed329.dir/CheckIncludeFile.c.o   -c "/home/tkhamvilai/Dropbox (GaTech)/DASC_(Immobotarium)/DASC_2019/Dist_MILP/bin/CMakeFiles/CMakeTmp/CheckIncludeFile.c"
Linking C executable cmTC_ed329
/usr/bin/cmake -E cmake_link_script CMakeFiles/cmTC_ed329.dir/link.txt --verbose=1
/usr/bin/cc      CMakeFiles/cmTC_ed329.dir/CheckIncludeFile.c.o  -o cmTC_ed329 
make[1]: Leaving directory '/home/tkhamvilai/Dropbox (GaTech)/DASC_(Immobotarium)/DASC_2019/Dist_MILP/bin/CMakeFiles/CMakeTmp'


Determining if the include file pthread.h exists passed with the following output:
Change Dir: /home/tkhamvilai/Dropbox (GaTech)/DASC_(Immobotarium)/DASC_2019/Dist_MILP/bin/CMakeFiles/CMakeTmp

Run Build Command:"/usr/bin/make" "cmTC_b2aff/fast"
/usr/bin/make -f CMakeFiles/cmTC_b2aff.dir/build.make CMakeFiles/cmTC_b2aff.dir/build
make[1]: Entering directory '/home/tkhamvilai/Dropbox (GaTech)/DASC_(Immobotarium)/DASC_2019/Dist_MILP/bin/CMakeFiles/CMakeTmp'
Building C object CMakeFiles/cmTC_b2aff.dir/CheckIncludeFile.c.o
/usr/bin/cc    -o CMakeFiles/cmTC_b2aff.dir/CheckIncludeFile.c.o   -c "/home/tkhamvilai/Dropbox (GaTech)/DASC_(Immobotarium)/DASC_2019/Dist_MILP/bin/CMakeFiles/CMakeTmp/CheckIncludeFile.c"
Linking C executable cmTC_b2aff
/home/tkhamvilai/Downloads/clion-2019.1/bin/cmake/linux/bin/cmake -E cmake_link_script CMakeFiles/cmTC_b2aff.dir/link.txt --verbose=1
/usr/bin/cc      CMakeFiles/cmTC_b2aff.dir/CheckIncludeFile.c.o  -o cmTC_b2aff 
make[1]: Leaving directory '/home/tkhamvilai/Dropbox (GaTech)/DASC_(Immobotarium)/DASC_2019/Dist_MILP/bin/CMakeFiles/CMakeTmp'


Determining if the include file pthread.h exists passed with the following output:
Change Dir: /home/tkhamvilai/Dropbox (GaTech)/DASC_(Immobotarium)/DASC_2019/Dist_MILP/bin/CMakeFiles/CMakeTmp

Run Build Command:"/usr/bin/make" "cmTC_9625b/fast"
/usr/bin/make -f CMakeFiles/cmTC_9625b.dir/build.make CMakeFiles/cmTC_9625b.dir/build
make[1]: Entering directory '/home/tkhamvilai/Dropbox (GaTech)/DASC_(Immobotarium)/DASC_2019/Dist_MILP/bin/CMakeFiles/CMakeTmp'
Building C object CMakeFiles/cmTC_9625b.dir/CheckIncludeFile.c.o
/usr/bin/cc    -o CMakeFiles/cmTC_9625b.dir/CheckIncludeFile.c.o   -c "/home/tkhamvilai/Dropbox (GaTech)/DASC_(Immobotarium)/DASC_2019/Dist_MILP/bin/CMakeFiles/CMakeTmp/CheckIncludeFile.c"
Linking C executable cmTC_9625b
/usr/bin/cmake -E cmake_link_script CMakeFiles/cmTC_9625b.dir/link.txt --verbose=1
/usr/bin/cc      CMakeFiles/cmTC_9625b.dir/CheckIncludeFile.c.o  -o cmTC_9625b 
make[1]: Leaving directory '/home/tkhamvilai/Dropbox (GaTech)/DASC_(Immobotarium)/DASC_2019/Dist_MILP/bin/CMakeFiles/CMakeTmp'


Determining if the include file pthread.h exists passed with the following output:
Change Dir: /home/tkhamvilai/Dropbox (GaTech)/DASC_(Immobotarium)/DASC_2019/Dist_MILP/bin/CMakeFiles/CMakeTmp

Run Build Command:"/usr/bin/make" "cmTC_e3105/fast"
/usr/bin/make -f CMakeFiles/cmTC_e3105.dir/build.make CMakeFiles/cmTC_e3105.dir/build
make[1]: Entering directory '/home/tkhamvilai/Dropbox (GaTech)/DASC_(Immobotarium)/DASC_2019/Dist_MILP/bin/CMakeFiles/CMakeTmp'
Building C object CMakeFiles/cmTC_e3105.dir/CheckIncludeFile.c.o
/usr/bin/cc    -o CMakeFiles/cmTC_e3105.dir/CheckIncludeFile.c.o   -c "/home/tkhamvilai/Dropbox (GaTech)/DASC_(Immobotarium)/DASC_2019/Dist_MILP/bin/CMakeFiles/CMakeTmp/CheckIncludeFile.c"
Linking C executable cmTC_e3105
/home/tkhamvilai/Downloads/clion-2019.1/bin/cmake/linux/bin/cmake -E cmake_link_script CMakeFiles/cmTC_e3105.dir/link.txt --verbose=1
/usr/bin/cc      CMakeFiles/cmTC_e3105.dir/CheckIncludeFile.c.o  -o cmTC_e3105 
make[1]: Leaving directory '/home/tkhamvilai/Dropbox (GaTech)/DASC_(Immobotarium)/DASC_2019/Dist_MILP/bin/CMakeFiles/CMakeTmp'


Determining if the include file pthread.h exists passed with the following output:
Change Dir: /home/tkhamvilai/Dropbox (GaTech)/DASC_(Immobotarium)/DASC_2019/Dist_MILP/bin/CMakeFiles/CMakeTmp

Run Build Command:"/usr/bin/make" "cmTC_d73aa/fast"
/usr/bin/make -f CMakeFiles/cmTC_d73aa.dir/build.make CMakeFiles/cmTC_d73aa.dir/build
make[1]: Entering directory '/home/tkhamvilai/Dropbox (GaTech)/DASC_(Immobotarium)/DASC_2019/Dist_MILP/bin/CMakeFiles/CMakeTmp'
Building C object CMakeFiles/cmTC_d73aa.dir/CheckIncludeFile.c.o
/usr/bin/cc    -o CMakeFiles/cmTC_d73aa.dir/CheckIncludeFile.c.o   -c "/home/tkhamvilai/Dropbox (GaTech)/DASC_(Immobotarium)/DASC_2019/Dist_MILP/bin/CMakeFiles/CMakeTmp/CheckIncludeFile.c"
Linking C executable cmTC_d73aa
/usr/bin/cmake -E cmake_link_script CMakeFiles/cmTC_d73aa.dir/link.txt --verbose=1
/usr/bin/cc      CMakeFiles/cmTC_d73aa.dir/CheckIncludeFile.c.o  -o cmTC_d73aa 
make[1]: Leaving directory '/home/tkhamvilai/Dropbox (GaTech)/DASC_(Immobotarium)/DASC_2019/Dist_MILP/bin/CMakeFiles/CMakeTmp'


Determining if the include file pthread.h exists passed with the following output:
Change Dir: /home/tkhamvilai/Dropbox (GaTech)/DASC_(Immobotarium)/DASC_2019/Dist_MILP/bin/CMakeFiles/CMakeTmp

Run Build Command:"/usr/bin/make" "cmTC_b5a9c/fast"
/usr/bin/make -f CMakeFiles/cmTC_b5a9c.dir/build.make CMakeFiles/cmTC_b5a9c.dir/build
make[1]: Entering directory '/home/tkhamvilai/Dropbox (GaTech)/DASC_(Immobotarium)/DASC_2019/Dist_MILP/bin/CMakeFiles/CMakeTmp'
Building C object CMakeFiles/cmTC_b5a9c.dir/CheckIncludeFile.c.o
/usr/bin/cc    -o CMakeFiles/cmTC_b5a9c.dir/CheckIncludeFile.c.o   -c "/home/tkhamvilai/Dropbox (GaTech)/DASC_(Immobotarium)/DASC_2019/Dist_MILP/bin/CMakeFiles/CMakeTmp/CheckIncludeFile.c"
Linking C executable cmTC_b5a9c
/home/tkhamvilai/Downloads/clion-2019.1/bin/cmake/linux/bin/cmake -E cmake_link_script CMakeFiles/cmTC_b5a9c.dir/link.txt --verbose=1
/usr/bin/cc      CMakeFiles/cmTC_b5a9c.dir/CheckIncludeFile.c.o  -o cmTC_b5a9c 
make[1]: Leaving directory '/home/tkhamvilai/Dropbox (GaTech)/DASC_(Immobotarium)/DASC_2019/Dist_MILP/bin/CMakeFiles/CMakeTmp'


Determining if the include file pthread.h exists passed with the following output:
Change Dir: /home/tkhamvilai/Dropbox/DASC 2018 Paper/DASC_2019/Dist_MILP/bin/CMakeFiles/CMakeTmp

Run Build Command:"/usr/bin/make" "cmTC_897b3/fast"
/usr/bin/make -f CMakeFiles/cmTC_897b3.dir/build.make CMakeFiles/cmTC_897b3.dir/build
make[1]: Entering directory '/home/tkhamvilai/Dropbox/DASC 2018 Paper/DASC_2019/Dist_MILP/bin/CMakeFiles/CMakeTmp'
Building C object CMakeFiles/cmTC_897b3.dir/CheckIncludeFile.c.o
/usr/bin/cc    -o CMakeFiles/cmTC_897b3.dir/CheckIncludeFile.c.o   -c "/home/tkhamvilai/Dropbox/DASC 2018 Paper/DASC_2019/Dist_MILP/bin/CMakeFiles/CMakeTmp/CheckIncludeFile.c"
Linking C executable cmTC_897b3
/home/tkhamvilai/Downloads/CLion-2019.1/clion-2019.1/bin/cmake/linux/bin/cmake -E cmake_link_script CMakeFiles/cmTC_897b3.dir/link.txt --verbose=1
/usr/bin/cc      CMakeFiles/cmTC_897b3.dir/CheckIncludeFile.c.o  -o cmTC_897b3 
make[1]: Leaving directory '/home/tkhamvilai/Dropbox/DASC 2018 Paper/DASC_2019/Dist_MILP/bin/CMakeFiles/CMakeTmp'


Determining if the include file pthread.h exists passed with the following output:
Change Dir: /home/tkhamvilai/Dropbox (GaTech)/DASC_(Immobotarium)/DASC_2019/Dist_MILP/bin/CMakeFiles/CMakeTmp

Run Build Command:"/usr/bin/make" "cmTC_80526/fast"
/usr/bin/make -f CMakeFiles/cmTC_80526.dir/build.make CMakeFiles/cmTC_80526.dir/build
make[1]: Entering directory '/home/tkhamvilai/Dropbox (GaTech)/DASC_(Immobotarium)/DASC_2019/Dist_MILP/bin/CMakeFiles/CMakeTmp'
Building C object CMakeFiles/cmTC_80526.dir/CheckIncludeFile.c.o
/usr/bin/cc    -o CMakeFiles/cmTC_80526.dir/CheckIncludeFile.c.o   -c "/home/tkhamvilai/Dropbox (GaTech)/DASC_(Immobotarium)/DASC_2019/Dist_MILP/bin/CMakeFiles/CMakeTmp/CheckIncludeFile.c"
Linking C executable cmTC_80526
/home/tkhamvilai/Downloads/clion-2019.1/bin/cmake/linux/bin/cmake -E cmake_link_script CMakeFiles/cmTC_80526.dir/link.txt --verbose=1
/usr/bin/cc      CMakeFiles/cmTC_80526.dir/CheckIncludeFile.c.o  -o cmTC_80526 
make[1]: Leaving directory '/home/tkhamvilai/Dropbox (GaTech)/DASC_(Immobotarium)/DASC_2019/Dist_MILP/bin/CMakeFiles/CMakeTmp'


Determining if the include file pthread.h exists passed with the following output:
Change Dir: /home/tkhamvilai/Dropbox/DASC 2018 Paper/DASC_2019/Dist_MILP/bin/CMakeFiles/CMakeTmp

Run Build Command:"/usr/bin/make" "cmTC_4af0f/fast"
/usr/bin/make -f CMakeFiles/cmTC_4af0f.dir/build.make CMakeFiles/cmTC_4af0f.dir/build
make[1]: Entering directory '/home/tkhamvilai/Dropbox/DASC 2018 Paper/DASC_2019/Dist_MILP/bin/CMakeFiles/CMakeTmp'
Building C object CMakeFiles/cmTC_4af0f.dir/CheckIncludeFile.c.o
/usr/bin/cc    -o CMakeFiles/cmTC_4af0f.dir/CheckIncludeFile.c.o   -c "/home/tkhamvilai/Dropbox/DASC 2018 Paper/DASC_2019/Dist_MILP/bin/CMakeFiles/CMakeTmp/CheckIncludeFile.c"
Linking C executable cmTC_4af0f
/home/tkhamvilai/Downloads/CLion-2019.1/clion-2019.1/bin/cmake/linux/bin/cmake -E cmake_link_script CMakeFiles/cmTC_4af0f.dir/link.txt --verbose=1
/usr/bin/cc      CMakeFiles/cmTC_4af0f.dir/CheckIncludeFile.c.o  -o cmTC_4af0f 
make[1]: Leaving directory '/home/tkhamvilai/Dropbox/DASC 2018 Paper/DASC_2019/Dist_MILP/bin/CMakeFiles/CMakeTmp'


Determining if the include file pthread.h exists passed with the following output:
Change Dir: /home/tkhamvilai/Dropbox (GaTech)/DASC_(Immobotarium)/DASC_2019/Dist_MILP/bin/CMakeFiles/CMakeTmp

Run Build Command:"/usr/bin/make" "cmTC_41ddc/fast"
/usr/bin/make -f CMakeFiles/cmTC_41ddc.dir/build.make CMakeFiles/cmTC_41ddc.dir/build
make[1]: Entering directory '/home/tkhamvilai/Dropbox (GaTech)/DASC_(Immobotarium)/DASC_2019/Dist_MILP/bin/CMakeFiles/CMakeTmp'
Building C object CMakeFiles/cmTC_41ddc.dir/CheckIncludeFile.c.o
/usr/bin/cc    -o CMakeFiles/cmTC_41ddc.dir/CheckIncludeFile.c.o   -c "/home/tkhamvilai/Dropbox (GaTech)/DASC_(Immobotarium)/DASC_2019/Dist_MILP/bin/CMakeFiles/CMakeTmp/CheckIncludeFile.c"
Linking C executable cmTC_41ddc
/home/tkhamvilai/Downloads/clion-2019.1/bin/cmake/linux/bin/cmake -E cmake_link_script CMakeFiles/cmTC_41ddc.dir/link.txt --verbose=1
/usr/bin/cc      CMakeFiles/cmTC_41ddc.dir/CheckIncludeFile.c.o  -o cmTC_41ddc 
make[1]: Leaving directory '/home/tkhamvilai/Dropbox (GaTech)/DASC_(Immobotarium)/DASC_2019/Dist_MILP/bin/CMakeFiles/CMakeTmp'


Determining if the include file pthread.h exists passed with the following output:
Change Dir: /home/jbm/Dropbox/DASC 2018 Paper/DASC_2019/Dist_MILP/bin/CMakeFiles/CMakeTmp

Run Build Command:"/usr/bin/make" "cmTC_fa789/fast"
/usr/bin/make -f CMakeFiles/cmTC_fa789.dir/build.make CMakeFiles/cmTC_fa789.dir/build
make[1]: Entering directory '/home/jbm/Dropbox/DASC 2018 Paper/DASC_2019/Dist_MILP/bin/CMakeFiles/CMakeTmp'
Building C object CMakeFiles/cmTC_fa789.dir/CheckIncludeFile.c.o
/usr/bin/cc    -o CMakeFiles/cmTC_fa789.dir/CheckIncludeFile.c.o   -c "/home/jbm/Dropbox/DASC 2018 Paper/DASC_2019/Dist_MILP/bin/CMakeFiles/CMakeTmp/CheckIncludeFile.c"
Linking C executable cmTC_fa789
/opt/clion-2018.2.6/bin/cmake/linux/bin/cmake -E cmake_link_script CMakeFiles/cmTC_fa789.dir/link.txt --verbose=1
/usr/bin/cc      CMakeFiles/cmTC_fa789.dir/CheckIncludeFile.c.o  -o cmTC_fa789 
make[1]: Leaving directory '/home/jbm/Dropbox/DASC 2018 Paper/DASC_2019/Dist_MILP/bin/CMakeFiles/CMakeTmp'


Determining if the include file pthread.h exists passed with the following output:
Change Dir: /home/tkhamvilai/Dropbox (GaTech)/DASC_(Immobotarium)/DASC_2019/Dist_MILP/bin/CMakeFiles/CMakeTmp

Run Build Command:"/usr/bin/make" "cmTC_40719/fast"
/usr/bin/make -f CMakeFiles/cmTC_40719.dir/build.make CMakeFiles/cmTC_40719.dir/build
make[1]: Entering directory '/home/tkhamvilai/Dropbox (GaTech)/DASC_(Immobotarium)/DASC_2019/Dist_MILP/bin/CMakeFiles/CMakeTmp'
Building C object CMakeFiles/cmTC_40719.dir/CheckIncludeFile.c.o
/usr/bin/cc    -o CMakeFiles/cmTC_40719.dir/CheckIncludeFile.c.o   -c "/home/tkhamvilai/Dropbox (GaTech)/DASC_(Immobotarium)/DASC_2019/Dist_MILP/bin/CMakeFiles/CMakeTmp/CheckIncludeFile.c"
Linking C executable cmTC_40719
/home/tkhamvilai/Downloads/clion-2019.1/bin/cmake/linux/bin/cmake -E cmake_link_script CMakeFiles/cmTC_40719.dir/link.txt --verbose=1
/usr/bin/cc      CMakeFiles/cmTC_40719.dir/CheckIncludeFile.c.o  -o cmTC_40719 
make[1]: Leaving directory '/home/tkhamvilai/Dropbox (GaTech)/DASC_(Immobotarium)/DASC_2019/Dist_MILP/bin/CMakeFiles/CMakeTmp'


Determining if the include file pthread.h exists passed with the following output:
Change Dir: /home/jbm/Dropbox/DASC 2018 Paper/DASC_2019/Dist_MILP/bin/CMakeFiles/CMakeTmp

Run Build Command:"/usr/bin/make" "cmTC_2bf96/fast"
/usr/bin/make -f CMakeFiles/cmTC_2bf96.dir/build.make CMakeFiles/cmTC_2bf96.dir/build
make[1]: Entering directory '/home/jbm/Dropbox/DASC 2018 Paper/DASC_2019/Dist_MILP/bin/CMakeFiles/CMakeTmp'
Building C object CMakeFiles/cmTC_2bf96.dir/CheckIncludeFile.c.o
/usr/bin/cc    -o CMakeFiles/cmTC_2bf96.dir/CheckIncludeFile.c.o   -c "/home/jbm/Dropbox/DASC 2018 Paper/DASC_2019/Dist_MILP/bin/CMakeFiles/CMakeTmp/CheckIncludeFile.c"
Linking C executable cmTC_2bf96
/opt/clion-2018.2.6/bin/cmake/linux/bin/cmake -E cmake_link_script CMakeFiles/cmTC_2bf96.dir/link.txt --verbose=1
/usr/bin/cc      CMakeFiles/cmTC_2bf96.dir/CheckIncludeFile.c.o  -o cmTC_2bf96 
make[1]: Leaving directory '/home/jbm/Dropbox/DASC 2018 Paper/DASC_2019/Dist_MILP/bin/CMakeFiles/CMakeTmp'


Determining if the include file pthread.h exists passed with the following output:
Change Dir: /home/tkhamvilai/Dropbox (GaTech)/DASC_(Immobotarium)/DASC_2019/Dist_MILP/bin/CMakeFiles/CMakeTmp

Run Build Command:"/usr/bin/make" "cmTC_1e8e9/fast"
/usr/bin/make -f CMakeFiles/cmTC_1e8e9.dir/build.make CMakeFiles/cmTC_1e8e9.dir/build
make[1]: Entering directory '/home/tkhamvilai/Dropbox (GaTech)/DASC_(Immobotarium)/DASC_2019/Dist_MILP/bin/CMakeFiles/CMakeTmp'
Building C object CMakeFiles/cmTC_1e8e9.dir/CheckIncludeFile.c.o
/usr/bin/cc    -o CMakeFiles/cmTC_1e8e9.dir/CheckIncludeFile.c.o   -c "/home/tkhamvilai/Dropbox (GaTech)/DASC_(Immobotarium)/DASC_2019/Dist_MILP/bin/CMakeFiles/CMakeTmp/CheckIncludeFile.c"
Linking C executable cmTC_1e8e9
/home/tkhamvilai/Downloads/clion-2019.1/bin/cmake/linux/bin/cmake -E cmake_link_script CMakeFiles/cmTC_1e8e9.dir/link.txt --verbose=1
/usr/bin/cc      CMakeFiles/cmTC_1e8e9.dir/CheckIncludeFile.c.o  -o cmTC_1e8e9 
make[1]: Leaving directory '/home/tkhamvilai/Dropbox (GaTech)/DASC_(Immobotarium)/DASC_2019/Dist_MILP/bin/CMakeFiles/CMakeTmp'


Determining if the include file pthread.h exists passed with the following output:
Change Dir: /home/jbm/Dropbox/DASC 2018 Paper/DASC_2019/Dist_MILP/bin/CMakeFiles/CMakeTmp

Run Build Command:"/usr/bin/make" "cmTC_e520b/fast"
/usr/bin/make -f CMakeFiles/cmTC_e520b.dir/build.make CMakeFiles/cmTC_e520b.dir/build
make[1]: Entering directory '/home/jbm/Dropbox/DASC 2018 Paper/DASC_2019/Dist_MILP/bin/CMakeFiles/CMakeTmp'
Building C object CMakeFiles/cmTC_e520b.dir/CheckIncludeFile.c.o
/usr/bin/cc    -o CMakeFiles/cmTC_e520b.dir/CheckIncludeFile.c.o   -c "/home/jbm/Dropbox/DASC 2018 Paper/DASC_2019/Dist_MILP/bin/CMakeFiles/CMakeTmp/CheckIncludeFile.c"
Linking C executable cmTC_e520b
/opt/clion-2018.2.6/bin/cmake/linux/bin/cmake -E cmake_link_script CMakeFiles/cmTC_e520b.dir/link.txt --verbose=1
/usr/bin/cc      CMakeFiles/cmTC_e520b.dir/CheckIncludeFile.c.o  -o cmTC_e520b 
make[1]: Leaving directory '/home/jbm/Dropbox/DASC 2018 Paper/DASC_2019/Dist_MILP/bin/CMakeFiles/CMakeTmp'


Determining if the include file pthread.h exists passed with the following output:
Change Dir: /home/tkhamvilai/Dropbox (GaTech)/DASC_(Immobotarium)/DASC_2019/Dist_MILP/bin/CMakeFiles/CMakeTmp

Run Build Command:"/usr/bin/make" "cmTC_c145b/fast"
/usr/bin/make -f CMakeFiles/cmTC_c145b.dir/build.make CMakeFiles/cmTC_c145b.dir/build
make[1]: Entering directory '/home/tkhamvilai/Dropbox (GaTech)/DASC_(Immobotarium)/DASC_2019/Dist_MILP/bin/CMakeFiles/CMakeTmp'
Building C object CMakeFiles/cmTC_c145b.dir/CheckIncludeFile.c.o
/usr/bin/cc    -o CMakeFiles/cmTC_c145b.dir/CheckIncludeFile.c.o   -c "/home/tkhamvilai/Dropbox (GaTech)/DASC_(Immobotarium)/DASC_2019/Dist_MILP/bin/CMakeFiles/CMakeTmp/CheckIncludeFile.c"
Linking C executable cmTC_c145b
/home/tkhamvilai/Downloads/clion-2019.1/bin/cmake/linux/bin/cmake -E cmake_link_script CMakeFiles/cmTC_c145b.dir/link.txt --verbose=1
/usr/bin/cc      CMakeFiles/cmTC_c145b.dir/CheckIncludeFile.c.o  -o cmTC_c145b 
make[1]: Leaving directory '/home/tkhamvilai/Dropbox (GaTech)/DASC_(Immobotarium)/DASC_2019/Dist_MILP/bin/CMakeFiles/CMakeTmp'


Determining if the include file pthread.h exists passed with the following output:
Change Dir: /home/jbm/Dropbox/DASC 2018 Paper/DASC_2019/Dist_MILP/bin/CMakeFiles/CMakeTmp

Run Build Command:"/usr/bin/make" "cmTC_434e5/fast"
/usr/bin/make -f CMakeFiles/cmTC_434e5.dir/build.make CMakeFiles/cmTC_434e5.dir/build
make[1]: Entering directory '/home/jbm/Dropbox/DASC 2018 Paper/DASC_2019/Dist_MILP/bin/CMakeFiles/CMakeTmp'
Building C object CMakeFiles/cmTC_434e5.dir/CheckIncludeFile.c.o
/usr/bin/cc    -o CMakeFiles/cmTC_434e5.dir/CheckIncludeFile.c.o   -c "/home/jbm/Dropbox/DASC 2018 Paper/DASC_2019/Dist_MILP/bin/CMakeFiles/CMakeTmp/CheckIncludeFile.c"
Linking C executable cmTC_434e5
/opt/clion-2018.2.6/bin/cmake/linux/bin/cmake -E cmake_link_script CMakeFiles/cmTC_434e5.dir/link.txt --verbose=1
/usr/bin/cc      CMakeFiles/cmTC_434e5.dir/CheckIncludeFile.c.o  -o cmTC_434e5 
make[1]: Leaving directory '/home/jbm/Dropbox/DASC 2018 Paper/DASC_2019/Dist_MILP/bin/CMakeFiles/CMakeTmp'


Determining if the include file pthread.h exists passed with the following output:
Change Dir: /home/tkhamvilai/Dropbox (GaTech)/DASC_(Immobotarium)/DASC_2019/Dist_MILP/bin/CMakeFiles/CMakeTmp

Run Build Command:"/usr/bin/make" "cmTC_87d30/fast"
/usr/bin/make -f CMakeFiles/cmTC_87d30.dir/build.make CMakeFiles/cmTC_87d30.dir/build
make[1]: Entering directory '/home/tkhamvilai/Dropbox (GaTech)/DASC_(Immobotarium)/DASC_2019/Dist_MILP/bin/CMakeFiles/CMakeTmp'
Building C object CMakeFiles/cmTC_87d30.dir/CheckIncludeFile.c.o
/usr/bin/cc    -o CMakeFiles/cmTC_87d30.dir/CheckIncludeFile.c.o   -c "/home/tkhamvilai/Dropbox (GaTech)/DASC_(Immobotarium)/DASC_2019/Dist_MILP/bin/CMakeFiles/CMakeTmp/CheckIncludeFile.c"
Linking C executable cmTC_87d30
/home/tkhamvilai/Downloads/clion-2019.1/bin/cmake/linux/bin/cmake -E cmake_link_script CMakeFiles/cmTC_87d30.dir/link.txt --verbose=1
/usr/bin/cc      CMakeFiles/cmTC_87d30.dir/CheckIncludeFile.c.o  -o cmTC_87d30 
make[1]: Leaving directory '/home/tkhamvilai/Dropbox (GaTech)/DASC_(Immobotarium)/DASC_2019/Dist_MILP/bin/CMakeFiles/CMakeTmp'


Determining if the include file pthread.h exists passed with the following output:
Change Dir: /home/tkhamvilai/Dropbox/DASC 2018 Paper/DASC_2019/Dist_MILP/bin/CMakeFiles/CMakeTmp

Run Build Command:"/usr/bin/make" "cmTC_c5956/fast"
/usr/bin/make -f CMakeFiles/cmTC_c5956.dir/build.make CMakeFiles/cmTC_c5956.dir/build
make[1]: Entering directory '/home/tkhamvilai/Dropbox/DASC 2018 Paper/DASC_2019/Dist_MILP/bin/CMakeFiles/CMakeTmp'
Building C object CMakeFiles/cmTC_c5956.dir/CheckIncludeFile.c.o
/usr/bin/cc    -o CMakeFiles/cmTC_c5956.dir/CheckIncludeFile.c.o   -c "/home/tkhamvilai/Dropbox/DASC 2018 Paper/DASC_2019/Dist_MILP/bin/CMakeFiles/CMakeTmp/CheckIncludeFile.c"
Linking C executable cmTC_c5956
/home/tkhamvilai/Downloads/CLion-2019.1/clion-2019.1/bin/cmake/linux/bin/cmake -E cmake_link_script CMakeFiles/cmTC_c5956.dir/link.txt --verbose=1
/usr/bin/cc      CMakeFiles/cmTC_c5956.dir/CheckIncludeFile.c.o  -o cmTC_c5956 
make[1]: Leaving directory '/home/tkhamvilai/Dropbox/DASC 2018 Paper/DASC_2019/Dist_MILP/bin/CMakeFiles/CMakeTmp'


Determining if the include file pthread.h exists passed with the following output:
Change Dir: /home/tkhamvilai/Dropbox (GaTech)/DASC_(Immobotarium)/DASC_2019/Dist_MILP/bin/CMakeFiles/CMakeTmp

Run Build Command:"/usr/bin/make" "cmTC_d208f/fast"
/usr/bin/make -f CMakeFiles/cmTC_d208f.dir/build.make CMakeFiles/cmTC_d208f.dir/build
make[1]: Entering directory '/home/tkhamvilai/Dropbox (GaTech)/DASC_(Immobotarium)/DASC_2019/Dist_MILP/bin/CMakeFiles/CMakeTmp'
Building C object CMakeFiles/cmTC_d208f.dir/CheckIncludeFile.c.o
/usr/bin/cc    -o CMakeFiles/cmTC_d208f.dir/CheckIncludeFile.c.o   -c "/home/tkhamvilai/Dropbox (GaTech)/DASC_(Immobotarium)/DASC_2019/Dist_MILP/bin/CMakeFiles/CMakeTmp/CheckIncludeFile.c"
Linking C executable cmTC_d208f
/home/tkhamvilai/Downloads/clion-2019.1/bin/cmake/linux/bin/cmake -E cmake_link_script CMakeFiles/cmTC_d208f.dir/link.txt --verbose=1
/usr/bin/cc      CMakeFiles/cmTC_d208f.dir/CheckIncludeFile.c.o  -o cmTC_d208f 
make[1]: Leaving directory '/home/tkhamvilai/Dropbox (GaTech)/DASC_(Immobotarium)/DASC_2019/Dist_MILP/bin/CMakeFiles/CMakeTmp'


